[debug] [2025-05-03T02:10:29.976Z] ----------------------------------------------------------------------
[debug] [2025-05-03T02:10:29.978Z] Command:       /usr/local/bin/node /usr/local/bin/firebase deploy --only functions
[debug] [2025-05-03T02:10:29.979Z] CLI Version:   14.2.2
[debug] [2025-05-03T02:10:29.979Z] Platform:      darwin
[debug] [2025-05-03T02:10:29.979Z] Node Version:  v22.11.0
[debug] [2025-05-03T02:10:29.979Z] Time:          Fri May 02 2025 22:10:29 GMT-0400 (Eastern Daylight Time)
[debug] [2025-05-03T02:10:29.979Z] ----------------------------------------------------------------------
[debug] 
[debug] [2025-05-03T02:10:30.072Z] > command requires scopes: ["email","openid","https://www.googleapis.com/auth/cloudplatformprojects.readonly","https://www.googleapis.com/auth/firebase","https://www.googleapis.com/auth/cloud-platform"]
[debug] [2025-05-03T02:10:30.072Z] > authorizing via signed-in user (jacobsamuelbarkin@gmail.com)
[debug] [2025-05-03T02:10:30.072Z] [iam] checking project jacob-barkin-website for permissions ["cloudfunctions.functions.create","cloudfunctions.functions.delete","cloudfunctions.functions.get","cloudfunctions.functions.list","cloudfunctions.functions.update","cloudfunctions.operations.get","firebase.projects.get"]
[debug] [2025-05-03T02:10:30.073Z] Checked if tokens are valid: false, expires at: 1746162096651
[debug] [2025-05-03T02:10:30.073Z] Checked if tokens are valid: false, expires at: 1746162096651
[debug] [2025-05-03T02:10:30.073Z] > refreshing access token with scopes: []
[debug] [2025-05-03T02:10:30.074Z] >>> [apiv2][query] POST https://www.googleapis.com/oauth2/v3/token [none]
[debug] [2025-05-03T02:10:30.074Z] >>> [apiv2][body] POST https://www.googleapis.com/oauth2/v3/token [omitted]
[debug] [2025-05-03T02:10:30.281Z] <<< [apiv2][status] POST https://www.googleapis.com/oauth2/v3/token 200
[debug] [2025-05-03T02:10:30.281Z] <<< [apiv2][body] POST https://www.googleapis.com/oauth2/v3/token [omitted]
[debug] [2025-05-03T02:10:30.294Z] >>> [apiv2][query] POST https://cloudresourcemanager.googleapis.com/v1/projects/jacob-barkin-website:testIamPermissions [none]
[debug] [2025-05-03T02:10:30.294Z] >>> [apiv2][(partial)header] POST https://cloudresourcemanager.googleapis.com/v1/projects/jacob-barkin-website:testIamPermissions x-goog-quota-user=projects/jacob-barkin-website
[debug] [2025-05-03T02:10:30.294Z] >>> [apiv2][body] POST https://cloudresourcemanager.googleapis.com/v1/projects/jacob-barkin-website:testIamPermissions {"permissions":["cloudfunctions.functions.create","cloudfunctions.functions.delete","cloudfunctions.functions.get","cloudfunctions.functions.list","cloudfunctions.functions.update","cloudfunctions.operations.get","firebase.projects.get"]}
[debug] [2025-05-03T02:10:30.643Z] <<< [apiv2][status] POST https://cloudresourcemanager.googleapis.com/v1/projects/jacob-barkin-website:testIamPermissions 200
[debug] [2025-05-03T02:10:30.643Z] <<< [apiv2][body] POST https://cloudresourcemanager.googleapis.com/v1/projects/jacob-barkin-website:testIamPermissions {"permissions":["cloudfunctions.functions.create","cloudfunctions.functions.delete","cloudfunctions.functions.get","cloudfunctions.functions.list","cloudfunctions.functions.update","cloudfunctions.operations.get","firebase.projects.get"]}
[debug] [2025-05-03T02:10:30.643Z] Checked if tokens are valid: true, expires at: 1746241829281
[debug] [2025-05-03T02:10:30.643Z] Checked if tokens are valid: true, expires at: 1746241829281
[debug] [2025-05-03T02:10:30.644Z] >>> [apiv2][query] POST https://iam.googleapis.com/v1/projects/jacob-barkin-website/serviceAccounts/jacob-barkin-website@appspot.gserviceaccount.com:testIamPermissions [none]
[debug] [2025-05-03T02:10:30.644Z] >>> [apiv2][body] POST https://iam.googleapis.com/v1/projects/jacob-barkin-website/serviceAccounts/jacob-barkin-website@appspot.gserviceaccount.com:testIamPermissions {"permissions":["iam.serviceAccounts.actAs"]}
[debug] [2025-05-03T02:10:30.867Z] <<< [apiv2][status] POST https://iam.googleapis.com/v1/projects/jacob-barkin-website/serviceAccounts/jacob-barkin-website@appspot.gserviceaccount.com:testIamPermissions 404
[debug] [2025-05-03T02:10:30.867Z] <<< [apiv2][body] POST https://iam.googleapis.com/v1/projects/jacob-barkin-website/serviceAccounts/jacob-barkin-website@appspot.gserviceaccount.com:testIamPermissions {"error":{"code":404,"message":"Unknown service account","status":"NOT_FOUND"}}
[debug] [2025-05-03T02:10:30.868Z] [functions] service account IAM check errored, deploy may fail: Request to https://iam.googleapis.com/v1/projects/jacob-barkin-website/serviceAccounts/jacob-barkin-website@appspot.gserviceaccount.com:testIamPermissions had HTTP Error: 404, Unknown service account {"name":"FirebaseError","children":[],"context":{"body":{"error":{"code":404,"message":"Unknown service account","status":"NOT_FOUND"}},"response":{"statusCode":404}},"exit":1,"message":"Request to https://iam.googleapis.com/v1/projects/jacob-barkin-website/serviceAccounts/jacob-barkin-website@appspot.gserviceaccount.com:testIamPermissions had HTTP Error: 404, Unknown service account","status":404}
[info] 
[info] === Deploying to 'jacob-barkin-website'...
[info] 
[info] i  deploying functions 
[info] Running command: npm --prefix "$RESOURCE_DIR" run build
[info] ✔  functions: Finished running predeploy script. 
[debug] [2025-05-03T02:10:32.775Z] Checked if tokens are valid: true, expires at: 1746241829281
[debug] [2025-05-03T02:10:32.775Z] Checked if tokens are valid: true, expires at: 1746241829281
[debug] [2025-05-03T02:10:32.775Z] >>> [apiv2][query] GET https://cloudresourcemanager.googleapis.com/v1/projects/jacob-barkin-website [none]
[debug] [2025-05-03T02:10:32.876Z] <<< [apiv2][status] GET https://cloudresourcemanager.googleapis.com/v1/projects/jacob-barkin-website 200
[debug] [2025-05-03T02:10:32.876Z] <<< [apiv2][body] GET https://cloudresourcemanager.googleapis.com/v1/projects/jacob-barkin-website {"projectNumber":"1093183769646","projectId":"jacob-barkin-website","lifecycleState":"ACTIVE","name":"Jacob Barkin Website","labels":{"firebase":"enabled","firebase-core":"disabled"},"createTime":"2025-05-01T20:47:43.535094Z"}
[info] i  functions: preparing codebase default for deployment 
[info] i  functions: ensuring required API cloudfunctions.googleapis.com is enabled... 
[debug] [2025-05-03T02:10:32.876Z] Checked if tokens are valid: true, expires at: 1746241829281
[debug] [2025-05-03T02:10:32.877Z] Checked if tokens are valid: true, expires at: 1746241829281
[debug] [2025-05-03T02:10:32.877Z] Checked if tokens are valid: true, expires at: 1746241829281
[debug] [2025-05-03T02:10:32.877Z] Checked if tokens are valid: true, expires at: 1746241829281
[info] i  functions: ensuring required API cloudbuild.googleapis.com is enabled... 
[debug] [2025-05-03T02:10:32.877Z] Checked if tokens are valid: true, expires at: 1746241829281
[debug] [2025-05-03T02:10:32.877Z] Checked if tokens are valid: true, expires at: 1746241829281
[info] i  artifactregistry: ensuring required API artifactregistry.googleapis.com is enabled... 
[debug] [2025-05-03T02:10:32.877Z] Checked if tokens are valid: true, expires at: 1746241829281
[debug] [2025-05-03T02:10:32.877Z] Checked if tokens are valid: true, expires at: 1746241829281
[debug] [2025-05-03T02:10:32.877Z] >>> [apiv2][query] GET https://serviceusage.googleapis.com/v1/projects/jacob-barkin-website/services/cloudfunctions.googleapis.com [none]
[debug] [2025-05-03T02:10:32.877Z] >>> [apiv2][(partial)header] GET https://serviceusage.googleapis.com/v1/projects/jacob-barkin-website/services/cloudfunctions.googleapis.com x-goog-quota-user=projects/jacob-barkin-website
[debug] [2025-05-03T02:10:32.878Z] >>> [apiv2][query] GET https://serviceusage.googleapis.com/v1/projects/jacob-barkin-website/services/runtimeconfig.googleapis.com [none]
[debug] [2025-05-03T02:10:32.878Z] >>> [apiv2][(partial)header] GET https://serviceusage.googleapis.com/v1/projects/jacob-barkin-website/services/runtimeconfig.googleapis.com x-goog-quota-user=projects/jacob-barkin-website
[debug] [2025-05-03T02:10:32.878Z] >>> [apiv2][query] GET https://serviceusage.googleapis.com/v1/projects/jacob-barkin-website/services/cloudbuild.googleapis.com [none]
[debug] [2025-05-03T02:10:32.878Z] >>> [apiv2][(partial)header] GET https://serviceusage.googleapis.com/v1/projects/jacob-barkin-website/services/cloudbuild.googleapis.com x-goog-quota-user=projects/jacob-barkin-website
[debug] [2025-05-03T02:10:32.879Z] >>> [apiv2][query] GET https://serviceusage.googleapis.com/v1/projects/jacob-barkin-website/services/artifactregistry.googleapis.com [none]
[debug] [2025-05-03T02:10:32.879Z] >>> [apiv2][(partial)header] GET https://serviceusage.googleapis.com/v1/projects/jacob-barkin-website/services/artifactregistry.googleapis.com x-goog-quota-user=projects/jacob-barkin-website
[debug] [2025-05-03T02:10:33.340Z] <<< [apiv2][status] GET https://serviceusage.googleapis.com/v1/projects/jacob-barkin-website/services/cloudfunctions.googleapis.com 200
[debug] [2025-05-03T02:10:33.341Z] <<< [apiv2][body] GET https://serviceusage.googleapis.com/v1/projects/jacob-barkin-website/services/cloudfunctions.googleapis.com [omitted]
[info] ✔  functions: required API cloudfunctions.googleapis.com is enabled 
[debug] [2025-05-03T02:10:33.379Z] <<< [apiv2][status] GET https://serviceusage.googleapis.com/v1/projects/jacob-barkin-website/services/artifactregistry.googleapis.com 200
[debug] [2025-05-03T02:10:33.379Z] <<< [apiv2][body] GET https://serviceusage.googleapis.com/v1/projects/jacob-barkin-website/services/artifactregistry.googleapis.com [omitted]
[info] ✔  artifactregistry: required API artifactregistry.googleapis.com is enabled 
[debug] [2025-05-03T02:10:33.786Z] <<< [apiv2][status] GET https://serviceusage.googleapis.com/v1/projects/jacob-barkin-website/services/cloudbuild.googleapis.com 200
[debug] [2025-05-03T02:10:33.786Z] <<< [apiv2][body] GET https://serviceusage.googleapis.com/v1/projects/jacob-barkin-website/services/cloudbuild.googleapis.com [omitted]
[info] ✔  functions: required API cloudbuild.googleapis.com is enabled 
[debug] [2025-05-03T02:10:33.788Z] <<< [apiv2][status] GET https://serviceusage.googleapis.com/v1/projects/jacob-barkin-website/services/runtimeconfig.googleapis.com 200
[debug] [2025-05-03T02:10:33.788Z] <<< [apiv2][body] GET https://serviceusage.googleapis.com/v1/projects/jacob-barkin-website/services/runtimeconfig.googleapis.com [omitted]
[debug] [2025-05-03T02:10:33.789Z] Checked if tokens are valid: true, expires at: 1746241829281
[debug] [2025-05-03T02:10:33.789Z] Checked if tokens are valid: true, expires at: 1746241829281
[debug] [2025-05-03T02:10:33.789Z] >>> [apiv2][query] GET https://firebase.googleapis.com/v1beta1/projects/jacob-barkin-website/adminSdkConfig [none]
[debug] [2025-05-03T02:10:34.137Z] <<< [apiv2][status] GET https://firebase.googleapis.com/v1beta1/projects/jacob-barkin-website/adminSdkConfig 200
[debug] [2025-05-03T02:10:34.137Z] <<< [apiv2][body] GET https://firebase.googleapis.com/v1beta1/projects/jacob-barkin-website/adminSdkConfig {"projectId":"jacob-barkin-website","storageBucket":"jacob-barkin-website.firebasestorage.app"}
[debug] [2025-05-03T02:10:34.138Z] Checked if tokens are valid: true, expires at: 1746241829281
[debug] [2025-05-03T02:10:34.138Z] Checked if tokens are valid: true, expires at: 1746241829281
[debug] [2025-05-03T02:10:34.138Z] >>> [apiv2][query] GET https://runtimeconfig.googleapis.com/v1beta1/projects/jacob-barkin-website/configs [none]
[debug] [2025-05-03T02:10:34.465Z] <<< [apiv2][status] GET https://runtimeconfig.googleapis.com/v1beta1/projects/jacob-barkin-website/configs 200
[debug] [2025-05-03T02:10:34.465Z] <<< [apiv2][body] GET https://runtimeconfig.googleapis.com/v1beta1/projects/jacob-barkin-website/configs {"configs":[{"name":"projects/jacob-barkin-website/configs/email"}]}
[debug] [2025-05-03T02:10:34.466Z] Checked if tokens are valid: true, expires at: 1746241829281
[debug] [2025-05-03T02:10:34.466Z] Checked if tokens are valid: true, expires at: 1746241829281
[debug] [2025-05-03T02:10:34.466Z] >>> [apiv2][query] GET https://runtimeconfig.googleapis.com/v1beta1/projects/jacob-barkin-website/configs/email/variables [none]
[debug] [2025-05-03T02:10:34.571Z] <<< [apiv2][status] GET https://runtimeconfig.googleapis.com/v1beta1/projects/jacob-barkin-website/configs/email/variables 200
[debug] [2025-05-03T02:10:34.571Z] <<< [apiv2][body] GET https://runtimeconfig.googleapis.com/v1beta1/projects/jacob-barkin-website/configs/email/variables {"variables":[{"name":"projects/jacob-barkin-website/configs/email/variables/secure","updateTime":"2025-05-02T00:56:03.866810066Z"},{"name":"projects/jacob-barkin-website/configs/email/variables/user","updateTime":"2025-05-02T00:56:06.887844735Z"},{"name":"projects/jacob-barkin-website/configs/email/variables/host","updateTime":"2025-05-02T00:56:05.891233589Z"},{"name":"projects/jacob-barkin-website/configs/email/variables/pass","updateTime":"2025-05-02T00:56:03.232629242Z"},{"name":"projects/jacob-barkin-website/configs/email/variables/port","updateTime":"2025-05-02T00:56:04.821314117Z"}]}
[debug] [2025-05-03T02:10:34.571Z] Checked if tokens are valid: true, expires at: 1746241829281
[debug] [2025-05-03T02:10:34.571Z] Checked if tokens are valid: true, expires at: 1746241829281
[debug] [2025-05-03T02:10:34.572Z] Checked if tokens are valid: true, expires at: 1746241829281
[debug] [2025-05-03T02:10:34.572Z] Checked if tokens are valid: true, expires at: 1746241829281
[debug] [2025-05-03T02:10:34.572Z] Checked if tokens are valid: true, expires at: 1746241829281
[debug] [2025-05-03T02:10:34.572Z] Checked if tokens are valid: true, expires at: 1746241829281
[debug] [2025-05-03T02:10:34.572Z] Checked if tokens are valid: true, expires at: 1746241829281
[debug] [2025-05-03T02:10:34.572Z] Checked if tokens are valid: true, expires at: 1746241829281
[debug] [2025-05-03T02:10:34.572Z] Checked if tokens are valid: true, expires at: 1746241829281
[debug] [2025-05-03T02:10:34.572Z] Checked if tokens are valid: true, expires at: 1746241829281
[debug] [2025-05-03T02:10:34.572Z] >>> [apiv2][query] GET https://runtimeconfig.googleapis.com/v1beta1/projects/jacob-barkin-website/configs/email/variables/secure [none]
[debug] [2025-05-03T02:10:34.572Z] >>> [apiv2][query] GET https://runtimeconfig.googleapis.com/v1beta1/projects/jacob-barkin-website/configs/email/variables/user [none]
[debug] [2025-05-03T02:10:34.574Z] >>> [apiv2][query] GET https://runtimeconfig.googleapis.com/v1beta1/projects/jacob-barkin-website/configs/email/variables/host [none]
[debug] [2025-05-03T02:10:34.575Z] >>> [apiv2][query] GET https://runtimeconfig.googleapis.com/v1beta1/projects/jacob-barkin-website/configs/email/variables/pass [none]
[debug] [2025-05-03T02:10:34.576Z] >>> [apiv2][query] GET https://runtimeconfig.googleapis.com/v1beta1/projects/jacob-barkin-website/configs/email/variables/port [none]
[debug] [2025-05-03T02:10:34.686Z] <<< [apiv2][status] GET https://runtimeconfig.googleapis.com/v1beta1/projects/jacob-barkin-website/configs/email/variables/secure 200
[debug] [2025-05-03T02:10:34.686Z] <<< [apiv2][body] GET https://runtimeconfig.googleapis.com/v1beta1/projects/jacob-barkin-website/configs/email/variables/secure {"name":"projects/jacob-barkin-website/configs/email/variables/secure","updateTime":"2025-05-02T00:56:03.866810066Z","text":"false"}
[debug] [2025-05-03T02:10:34.716Z] <<< [apiv2][status] GET https://runtimeconfig.googleapis.com/v1beta1/projects/jacob-barkin-website/configs/email/variables/port 200
[debug] [2025-05-03T02:10:34.717Z] <<< [apiv2][body] GET https://runtimeconfig.googleapis.com/v1beta1/projects/jacob-barkin-website/configs/email/variables/port {"name":"projects/jacob-barkin-website/configs/email/variables/port","updateTime":"2025-05-02T00:56:04.821314117Z","text":"587"}
[debug] [2025-05-03T02:10:34.835Z] <<< [apiv2][status] GET https://runtimeconfig.googleapis.com/v1beta1/projects/jacob-barkin-website/configs/email/variables/host 200
[debug] [2025-05-03T02:10:34.835Z] <<< [apiv2][body] GET https://runtimeconfig.googleapis.com/v1beta1/projects/jacob-barkin-website/configs/email/variables/host {"name":"projects/jacob-barkin-website/configs/email/variables/host","updateTime":"2025-05-02T00:56:05.891233589Z","text":"smtp.gmail.com"}
[debug] [2025-05-03T02:10:34.835Z] <<< [apiv2][status] GET https://runtimeconfig.googleapis.com/v1beta1/projects/jacob-barkin-website/configs/email/variables/pass 200
[debug] [2025-05-03T02:10:34.835Z] <<< [apiv2][body] GET https://runtimeconfig.googleapis.com/v1beta1/projects/jacob-barkin-website/configs/email/variables/pass {"name":"projects/jacob-barkin-website/configs/email/variables/pass","updateTime":"2025-05-02T00:56:03.232629242Z","text":"phnv varx llta soll"}
[debug] [2025-05-03T02:10:34.835Z] <<< [apiv2][status] GET https://runtimeconfig.googleapis.com/v1beta1/projects/jacob-barkin-website/configs/email/variables/user 200
[debug] [2025-05-03T02:10:34.835Z] <<< [apiv2][body] GET https://runtimeconfig.googleapis.com/v1beta1/projects/jacob-barkin-website/configs/email/variables/user {"name":"projects/jacob-barkin-website/configs/email/variables/user","updateTime":"2025-05-02T00:56:06.887844735Z","text":"jacobsamuelbarkin@gmail.com"}
[debug] [2025-05-03T02:10:34.836Z] Validating nodejs source
[debug] [2025-05-03T02:10:35.722Z] > [functions] package.json contents: {
  "name": "functions",
  "version": "1.0.0",
  "main": "lib/index.js",
  "scripts": {
    "build": "tsc",
    "serve": "npm run build && firebase emulators:start --only functions",
    "shell": "npm run build && firebase functions:shell",
    "start": "npm run shell",
    "deploy": "firebase deploy --only functions",
    "logs": "firebase functions:log"
  },
  "engines": {
    "node": "20"
  },
  "keywords": [],
  "author": "Jacob Barkin",
  "license": "ISC",
  "description": "Firebase Functions for Jacob Barkin's website",
  "dependencies": {
    "firebase-admin": "^13.3.0",
    "firebase-functions": "^6.3.2",
    "nodemailer": "^6.10.1"
  },
  "devDependencies": {
    "@types/node": "^22.15.3",
    "@types/nodemailer": "^6.4.17",
    "typescript": "^5.8.3"
  }
}
[debug] [2025-05-03T02:10:35.722Z] Building nodejs source
[info] i  functions: Loading and analyzing source code for codebase default to determine what to deploy 
[debug] [2025-05-03T02:10:35.723Z] Could not find functions.yaml. Must use http discovery
[debug] [2025-05-03T02:10:35.732Z] Found firebase-functions binary at '/Users/jbarkin28/JSB2010.github.io/functions/node_modules/.bin/firebase-functions'
[info] Serving at port 8871

[error] (node:49844) [DEP0040] DeprecationWarning: The `punycode` module is deprecated. Please use a userland alternative instead.
(Use `node --trace-deprecation ...` to show where the warning was created)

[debug] [2025-05-03T02:10:36.247Z] Got response from /__/functions.yaml {"endpoints":{"sendContactEmailNotification":{"availableMemoryMb":null,"timeoutSeconds":null,"minInstances":null,"maxInstances":null,"ingressSettings":null,"concurrency":null,"serviceAccountEmail":null,"vpc":null,"platform":"gcfv2","labels":{},"eventTrigger":{"eventType":"google.cloud.firestore.document.v1.created","eventFilters":{"database":"(default)","namespace":"(default)"},"eventFilterPathPatterns":{"document":"contactSubmissions/{submissionId}"},"retry":false},"entryPoint":"sendContactEmailNotification"}},"specVersion":"v1alpha1","requiredAPIs":[],"extensions":{}}
[info] i  extensions: ensuring required API firebaseextensions.googleapis.com is enabled... 
[debug] [2025-05-03T02:10:40.262Z] Checked if tokens are valid: true, expires at: 1746241829281
[debug] [2025-05-03T02:10:40.262Z] Checked if tokens are valid: true, expires at: 1746241829281
[debug] [2025-05-03T02:10:40.262Z] >>> [apiv2][query] GET https://serviceusage.googleapis.com/v1/projects/jacob-barkin-website/services/firebaseextensions.googleapis.com [none]
[debug] [2025-05-03T02:10:40.262Z] >>> [apiv2][(partial)header] GET https://serviceusage.googleapis.com/v1/projects/jacob-barkin-website/services/firebaseextensions.googleapis.com x-goog-quota-user=projects/jacob-barkin-website
[debug] [2025-05-03T02:10:40.800Z] <<< [apiv2][status] GET https://serviceusage.googleapis.com/v1/projects/jacob-barkin-website/services/firebaseextensions.googleapis.com 200
[debug] [2025-05-03T02:10:40.800Z] <<< [apiv2][body] GET https://serviceusage.googleapis.com/v1/projects/jacob-barkin-website/services/firebaseextensions.googleapis.com [omitted]
[info] ✔  extensions: required API firebaseextensions.googleapis.com is enabled 
[debug] [2025-05-03T02:10:40.800Z] > command requires scopes: ["email","openid","https://www.googleapis.com/auth/cloudplatformprojects.readonly","https://www.googleapis.com/auth/firebase","https://www.googleapis.com/auth/cloud-platform"]
[debug] [2025-05-03T02:10:40.800Z] > authorizing via signed-in user (jacobsamuelbarkin@gmail.com)
[debug] [2025-05-03T02:10:40.800Z] [iam] checking project jacob-barkin-website for permissions ["firebase.projects.get","firebaseextensions.instances.list"]
[debug] [2025-05-03T02:10:40.801Z] Checked if tokens are valid: true, expires at: 1746241829281
[debug] [2025-05-03T02:10:40.801Z] Checked if tokens are valid: true, expires at: 1746241829281
[debug] [2025-05-03T02:10:40.801Z] >>> [apiv2][query] POST https://cloudresourcemanager.googleapis.com/v1/projects/jacob-barkin-website:testIamPermissions [none]
[debug] [2025-05-03T02:10:40.801Z] >>> [apiv2][(partial)header] POST https://cloudresourcemanager.googleapis.com/v1/projects/jacob-barkin-website:testIamPermissions x-goog-quota-user=projects/jacob-barkin-website
[debug] [2025-05-03T02:10:40.801Z] >>> [apiv2][body] POST https://cloudresourcemanager.googleapis.com/v1/projects/jacob-barkin-website:testIamPermissions {"permissions":["firebase.projects.get","firebaseextensions.instances.list"]}
[debug] [2025-05-03T02:10:41.048Z] <<< [apiv2][status] POST https://cloudresourcemanager.googleapis.com/v1/projects/jacob-barkin-website:testIamPermissions 200
[debug] [2025-05-03T02:10:41.048Z] <<< [apiv2][body] POST https://cloudresourcemanager.googleapis.com/v1/projects/jacob-barkin-website:testIamPermissions {"permissions":["firebase.projects.get","firebaseextensions.instances.list"]}
[debug] [2025-05-03T02:10:41.048Z] Checked if tokens are valid: true, expires at: 1746241829281
[debug] [2025-05-03T02:10:41.048Z] Checked if tokens are valid: true, expires at: 1746241829281
[debug] [2025-05-03T02:10:41.049Z] >>> [apiv2][query] GET https://firebaseextensions.googleapis.com/v1beta/projects/jacob-barkin-website/instances pageSize=100&pageToken=
[debug] [2025-05-03T02:10:41.414Z] <<< [apiv2][status] GET https://firebaseextensions.googleapis.com/v1beta/projects/jacob-barkin-website/instances 200
[debug] [2025-05-03T02:10:41.414Z] <<< [apiv2][body] GET https://firebaseextensions.googleapis.com/v1beta/projects/jacob-barkin-website/instances {}
[info] i  functions: preparing functions directory for uploading... 
[info] i  functions: packaged /Users/jbarkin28/JSB2010.github.io/functions (36.37 KB) for uploading 
[debug] [2025-05-03T02:10:41.453Z] Checked if tokens are valid: true, expires at: 1746241829281
[debug] [2025-05-03T02:10:41.453Z] Checked if tokens are valid: true, expires at: 1746241829281
[debug] [2025-05-03T02:10:41.453Z] >>> [apiv2][query] GET https://cloudfunctions.googleapis.com/v1/projects/jacob-barkin-website/locations/-/functions [none]
[debug] [2025-05-03T02:10:42.152Z] <<< [apiv2][status] GET https://cloudfunctions.googleapis.com/v1/projects/jacob-barkin-website/locations/-/functions 200
[debug] [2025-05-03T02:10:42.152Z] <<< [apiv2][body] GET https://cloudfunctions.googleapis.com/v1/projects/jacob-barkin-website/locations/-/functions {}
[debug] [2025-05-03T02:10:42.153Z] Checked if tokens are valid: true, expires at: 1746241829281
[debug] [2025-05-03T02:10:42.153Z] Checked if tokens are valid: true, expires at: 1746241829281
[debug] [2025-05-03T02:10:42.153Z] >>> [apiv2][query] GET https://cloudfunctions.googleapis.com/v2/projects/jacob-barkin-website/locations/-/functions filter=environment%3D%22GEN_2%22
[debug] [2025-05-03T02:10:42.786Z] <<< [apiv2][status] GET https://cloudfunctions.googleapis.com/v2/projects/jacob-barkin-website/locations/-/functions 200
[debug] [2025-05-03T02:10:42.787Z] <<< [apiv2][body] GET https://cloudfunctions.googleapis.com/v2/projects/jacob-barkin-website/locations/-/functions {"functions":[{"name":"projects/jacob-barkin-website/locations/us-central1/functions/getProjectViews","buildConfig":{"build":"projects/1093183769646/locations/us-central1/builds/d404d324-ff80-4d80-8287-d1a3041e28f2","runtime":"nodejs20","entryPoint":"getProjectViews","source":{"storageSource":{"bucket":"gcf-v2-sources-1093183769646-us-central1","object":"getProjectViews/function-source.zip","generation":"1746150032327432"}},"environmentVariables":{"GOOGLE_NODE_RUN_SCRIPTS":""},"dockerRepository":"projects/jacob-barkin-website/locations/us-central1/repositories/gcf-artifacts","sourceProvenance":{"resolvedStorageSource":{"bucket":"gcf-v2-sources-1093183769646-us-central1","object":"getProjectViews/function-source.zip","generation":"1746150032327432"}},"dockerRegistry":"ARTIFACT_REGISTRY","serviceAccount":"projects/jacob-barkin-website/serviceAccounts/1093183769646-compute@developer.gserviceaccount.com","automaticUpdatePolicy":{}},"serviceConfig":{"service":"projects/jacob-barkin-website/locations/us-central1/services/getprojectviews","timeoutSeconds":60,"environmentVariables":{"FIREBASE_CONFIG":"{\"projectId\":\"jacob-barkin-website\",\"storageBucket\":\"jacob-barkin-website.firebasestorage.app\"}","GCLOUD_PROJECT":"jacob-barkin-website","EVENTARC_CLOUD_EVENT_SOURCE":"projects/jacob-barkin-website/locations/us-central1/services/getProjectViews","FUNCTION_TARGET":"getProjectViews","LOG_EXECUTION_ID":"true","FUNCTION_SIGNATURE_TYPE":"http"},"maxInstanceCount":40,"ingressSettings":"ALLOW_ALL","uri":"https://getprojectviews-cildfykebq-uc.a.run.app","serviceAccountEmail":"1093183769646-compute@developer.gserviceaccount.com","availableMemory":"256Mi","allTrafficOnLatestRevision":true,"revision":"getprojectviews-00005-tej","maxInstanceRequestConcurrency":80,"availableCpu":"1"},"state":"ACTIVE","updateTime":"2025-05-02T01:40:39.728087031Z","labels":{"deployment-tool":"cli-firebase","deployment-callable":"true","firebase-functions-hash":"0935329fe48e0df01f0dba9dddc60668f1930f77"},"environment":"GEN_2","url":"https://us-central1-jacob-barkin-website.cloudfunctions.net/getProjectViews","createTime":"2025-05-01T22:05:26.770223888Z","satisfiesPzi":true},{"name":"projects/jacob-barkin-website/locations/us-central1/functions/submitContactForm","buildConfig":{"build":"projects/1093183769646/locations/us-central1/builds/d404d324-ff80-4d80-8287-d1a3041e28f2","runtime":"nodejs20","entryPoint":"submitContactForm","source":{"storageSource":{"bucket":"gcf-v2-sources-1093183769646-us-central1","object":"submitContactForm/function-source.zip","generation":"1746149984572437"}},"environmentVariables":{"GOOGLE_NODE_RUN_SCRIPTS":""},"dockerRepository":"projects/jacob-barkin-website/locations/us-central1/repositories/gcf-artifacts","sourceProvenance":{"resolvedStorageSource":{"bucket":"gcf-v2-sources-1093183769646-us-central1","object":"submitContactForm/function-source.zip","generation":"1746149984572437"}},"dockerRegistry":"ARTIFACT_REGISTRY","serviceAccount":"projects/jacob-barkin-website/serviceAccounts/1093183769646-compute@developer.gserviceaccount.com","automaticUpdatePolicy":{}},"serviceConfig":{"service":"projects/jacob-barkin-website/locations/us-central1/services/submitcontactform","timeoutSeconds":60,"environmentVariables":{"FIREBASE_CONFIG":"{\"projectId\":\"jacob-barkin-website\",\"storageBucket\":\"jacob-barkin-website.firebasestorage.app\"}","GCLOUD_PROJECT":"jacob-barkin-website","EVENTARC_CLOUD_EVENT_SOURCE":"projects/jacob-barkin-website/locations/us-central1/services/submitContactForm","FUNCTION_TARGET":"submitContactForm","LOG_EXECUTION_ID":"true","FUNCTION_SIGNATURE_TYPE":"http"},"maxInstanceCount":40,"ingressSettings":"ALLOW_ALL","uri":"https://submitcontactform-cildfykebq-uc.a.run.app","serviceAccountEmail":"1093183769646-compute@developer.gserviceaccount.com","availableMemory":"256Mi","allTrafficOnLatestRevision":true,"revision":"submitcontactform-00006-man","maxInstanceRequestConcurrency":80,"availableCpu":"1"},"state":"ACTIVE","updateTime":"2025-05-02T01:40:38.930587090Z","labels":{"deployment-callable":"true","firebase-functions-hash":"0935329fe48e0df01f0dba9dddc60668f1930f77","deployment-tool":"cli-firebase"},"environment":"GEN_2","url":"https://us-central1-jacob-barkin-website.cloudfunctions.net/submitContactForm","createTime":"2025-05-01T21:54:41.668229237Z","satisfiesPzi":true},{"name":"projects/jacob-barkin-website/locations/us-central1/functions/trackProjectView","buildConfig":{"build":"projects/1093183769646/locations/us-central1/builds/d404d324-ff80-4d80-8287-d1a3041e28f2","runtime":"nodejs20","entryPoint":"trackProjectView","source":{"storageSource":{"bucket":"gcf-v2-sources-1093183769646-us-central1","object":"trackProjectView/function-source.zip","generation":"1746150032035727"}},"environmentVariables":{"GOOGLE_NODE_RUN_SCRIPTS":""},"dockerRepository":"projects/jacob-barkin-website/locations/us-central1/repositories/gcf-artifacts","sourceProvenance":{"resolvedStorageSource":{"bucket":"gcf-v2-sources-1093183769646-us-central1","object":"trackProjectView/function-source.zip","generation":"1746150032035727"}},"dockerRegistry":"ARTIFACT_REGISTRY","serviceAccount":"projects/jacob-barkin-website/serviceAccounts/1093183769646-compute@developer.gserviceaccount.com","automaticUpdatePolicy":{}},"serviceConfig":{"service":"projects/jacob-barkin-website/locations/us-central1/services/trackprojectview","timeoutSeconds":60,"environmentVariables":{"FIREBASE_CONFIG":"{\"projectId\":\"jacob-barkin-website\",\"storageBucket\":\"jacob-barkin-website.firebasestorage.app\"}","GCLOUD_PROJECT":"jacob-barkin-website","EVENTARC_CLOUD_EVENT_SOURCE":"projects/jacob-barkin-website/locations/us-central1/services/trackProjectView","FUNCTION_TARGET":"trackProjectView","LOG_EXECUTION_ID":"true","FUNCTION_SIGNATURE_TYPE":"http"},"maxInstanceCount":40,"ingressSettings":"ALLOW_ALL","uri":"https://trackprojectview-cildfykebq-uc.a.run.app","serviceAccountEmail":"1093183769646-compute@developer.gserviceaccount.com","availableMemory":"256Mi","allTrafficOnLatestRevision":true,"revision":"trackprojectview-00006-zem","maxInstanceRequestConcurrency":80,"availableCpu":"1"},"state":"ACTIVE","updateTime":"2025-05-02T01:40:40.304924553Z","labels":{"deployment-tool":"cli-firebase","deployment-callable":"true","firebase-functions-hash":"0935329fe48e0df01f0dba9dddc60668f1930f77"},"environment":"GEN_2","url":"https://us-central1-jacob-barkin-website.cloudfunctions.net/trackProjectView","createTime":"2025-05-01T21:56:41.060233959Z","satisfiesPzi":true},{"name":"projects/jacob-barkin-website/locations/us-central1/functions/submitProjectFeedback","buildConfig":{"build":"projects/1093183769646/locations/us-central1/builds/d404d324-ff80-4d80-8287-d1a3041e28f2","runtime":"nodejs20","entryPoint":"submitProjectFeedback","source":{"storageSource":{"bucket":"gcf-v2-sources-1093183769646-us-central1","object":"submitProjectFeedback/function-source.zip","generation":"1746150032114808"}},"environmentVariables":{"GOOGLE_NODE_RUN_SCRIPTS":""},"dockerRepository":"projects/jacob-barkin-website/locations/us-central1/repositories/gcf-artifacts","sourceProvenance":{"resolvedStorageSource":{"bucket":"gcf-v2-sources-1093183769646-us-central1","object":"submitProjectFeedback/function-source.zip","generation":"1746150032114808"}},"dockerRegistry":"ARTIFACT_REGISTRY","serviceAccount":"projects/jacob-barkin-website/serviceAccounts/1093183769646-compute@developer.gserviceaccount.com","automaticUpdatePolicy":{}},"serviceConfig":{"service":"projects/jacob-barkin-website/locations/us-central1/services/submitprojectfeedback","timeoutSeconds":60,"environmentVariables":{"FIREBASE_CONFIG":"{\"projectId\":\"jacob-barkin-website\",\"storageBucket\":\"jacob-barkin-website.firebasestorage.app\"}","GCLOUD_PROJECT":"jacob-barkin-website","EVENTARC_CLOUD_EVENT_SOURCE":"projects/jacob-barkin-website/locations/us-central1/services/submitProjectFeedback","FUNCTION_TARGET":"submitProjectFeedback","LOG_EXECUTION_ID":"true","FUNCTION_SIGNATURE_TYPE":"http"},"maxInstanceCount":40,"ingressSettings":"ALLOW_ALL","uri":"https://submitprojectfeedback-cildfykebq-uc.a.run.app","serviceAccountEmail":"1093183769646-compute@developer.gserviceaccount.com","availableMemory":"256Mi","allTrafficOnLatestRevision":true,"revision":"submitprojectfeedback-00006-vir","maxInstanceRequestConcurrency":80,"availableCpu":"1"},"state":"ACTIVE","updateTime":"2025-05-02T01:40:39.977556037Z","labels":{"deployment-callable":"true","firebase-functions-hash":"0935329fe48e0df01f0dba9dddc60668f1930f77","deployment-tool":"cli-firebase"},"environment":"GEN_2","url":"https://us-central1-jacob-barkin-website.cloudfunctions.net/submitProjectFeedback","createTime":"2025-05-01T21:56:41.123399553Z","satisfiesPzi":true}]}
[debug] [2025-05-03T02:10:42.788Z] Checked if tokens are valid: true, expires at: 1746241829281
[debug] [2025-05-03T02:10:42.788Z] Checked if tokens are valid: true, expires at: 1746241829281
[debug] [2025-05-03T02:10:42.788Z] >>> [apiv2][query] GET https://firestore.googleapis.com/v1/projects/jacob-barkin-website/databases/(default) [none]
[debug] [2025-05-03T02:10:43.793Z] <<< [apiv2][status] GET https://firestore.googleapis.com/v1/projects/jacob-barkin-website/databases/(default) 200
[debug] [2025-05-03T02:10:43.793Z] <<< [apiv2][body] GET https://firestore.googleapis.com/v1/projects/jacob-barkin-website/databases/(default) {"name":"projects/jacob-barkin-website/databases/(default)","uid":"a261acb9-e6e8-48a6-9e38-89bffa9c7adf","createTime":"2025-05-01T21:44:03.930733Z","updateTime":"2025-05-01T21:44:03.930733Z","locationId":"us-west3","type":"FIRESTORE_NATIVE","concurrencyMode":"PESSIMISTIC","versionRetentionPeriod":"3600s","earliestVersionTime":"2025-05-03T01:10:43.760394Z","appEngineIntegrationMode":"DISABLED","keyPrefix":"zwm","pointInTimeRecoveryEnablement":"POINT_IN_TIME_RECOVERY_DISABLED","deleteProtectionState":"DELETE_PROTECTION_DISABLED","databaseEdition":"STANDARD","freeTier":true,"etag":"IJCK2bGcho0DMMu6nvyhg40D"}
[info] i  functions: ensuring required API run.googleapis.com is enabled... 
[debug] [2025-05-03T02:10:43.794Z] Checked if tokens are valid: true, expires at: 1746241829281
[debug] [2025-05-03T02:10:43.794Z] Checked if tokens are valid: true, expires at: 1746241829281
[info] i  functions: ensuring required API eventarc.googleapis.com is enabled... 
[debug] [2025-05-03T02:10:43.794Z] Checked if tokens are valid: true, expires at: 1746241829281
[debug] [2025-05-03T02:10:43.794Z] Checked if tokens are valid: true, expires at: 1746241829281
[info] i  functions: ensuring required API pubsub.googleapis.com is enabled... 
[debug] [2025-05-03T02:10:43.794Z] Checked if tokens are valid: true, expires at: 1746241829281
[debug] [2025-05-03T02:10:43.794Z] Checked if tokens are valid: true, expires at: 1746241829281
[info] i  functions: ensuring required API storage.googleapis.com is enabled... 
[debug] [2025-05-03T02:10:43.794Z] Checked if tokens are valid: true, expires at: 1746241829281
[debug] [2025-05-03T02:10:43.794Z] Checked if tokens are valid: true, expires at: 1746241829281
[debug] [2025-05-03T02:10:43.794Z] >>> [apiv2][query] GET https://serviceusage.googleapis.com/v1/projects/jacob-barkin-website/services/run.googleapis.com [none]
[debug] [2025-05-03T02:10:43.794Z] >>> [apiv2][(partial)header] GET https://serviceusage.googleapis.com/v1/projects/jacob-barkin-website/services/run.googleapis.com x-goog-quota-user=projects/jacob-barkin-website
[debug] [2025-05-03T02:10:43.794Z] >>> [apiv2][query] GET https://serviceusage.googleapis.com/v1/projects/jacob-barkin-website/services/eventarc.googleapis.com [none]
[debug] [2025-05-03T02:10:43.794Z] >>> [apiv2][(partial)header] GET https://serviceusage.googleapis.com/v1/projects/jacob-barkin-website/services/eventarc.googleapis.com x-goog-quota-user=projects/jacob-barkin-website
[debug] [2025-05-03T02:10:43.795Z] >>> [apiv2][query] GET https://serviceusage.googleapis.com/v1/projects/jacob-barkin-website/services/pubsub.googleapis.com [none]
[debug] [2025-05-03T02:10:43.795Z] >>> [apiv2][(partial)header] GET https://serviceusage.googleapis.com/v1/projects/jacob-barkin-website/services/pubsub.googleapis.com x-goog-quota-user=projects/jacob-barkin-website
[debug] [2025-05-03T02:10:43.796Z] >>> [apiv2][query] GET https://serviceusage.googleapis.com/v1/projects/jacob-barkin-website/services/storage.googleapis.com [none]
[debug] [2025-05-03T02:10:43.796Z] >>> [apiv2][(partial)header] GET https://serviceusage.googleapis.com/v1/projects/jacob-barkin-website/services/storage.googleapis.com x-goog-quota-user=projects/jacob-barkin-website
[debug] [2025-05-03T02:10:44.118Z] <<< [apiv2][status] GET https://serviceusage.googleapis.com/v1/projects/jacob-barkin-website/services/run.googleapis.com 200
[debug] [2025-05-03T02:10:44.118Z] <<< [apiv2][body] GET https://serviceusage.googleapis.com/v1/projects/jacob-barkin-website/services/run.googleapis.com [omitted]
[info] ✔  functions: required API run.googleapis.com is enabled 
[debug] [2025-05-03T02:10:44.238Z] <<< [apiv2][status] GET https://serviceusage.googleapis.com/v1/projects/jacob-barkin-website/services/storage.googleapis.com 200
[debug] [2025-05-03T02:10:44.239Z] <<< [apiv2][body] GET https://serviceusage.googleapis.com/v1/projects/jacob-barkin-website/services/storage.googleapis.com [omitted]
[info] ✔  functions: required API storage.googleapis.com is enabled 
[debug] [2025-05-03T02:10:44.269Z] <<< [apiv2][status] GET https://serviceusage.googleapis.com/v1/projects/jacob-barkin-website/services/eventarc.googleapis.com 200
[debug] [2025-05-03T02:10:44.270Z] <<< [apiv2][body] GET https://serviceusage.googleapis.com/v1/projects/jacob-barkin-website/services/eventarc.googleapis.com [omitted]
[info] ✔  functions: required API eventarc.googleapis.com is enabled 
[debug] [2025-05-03T02:10:44.436Z] <<< [apiv2][status] GET https://serviceusage.googleapis.com/v1/projects/jacob-barkin-website/services/pubsub.googleapis.com 200
[debug] [2025-05-03T02:10:44.436Z] <<< [apiv2][body] GET https://serviceusage.googleapis.com/v1/projects/jacob-barkin-website/services/pubsub.googleapis.com [omitted]
[info] ✔  functions: required API pubsub.googleapis.com is enabled 
[info] i  functions: generating the service identity for pubsub.googleapis.com... 
[debug] [2025-05-03T02:10:44.436Z] Checked if tokens are valid: true, expires at: 1746241829281
[debug] [2025-05-03T02:10:44.437Z] Checked if tokens are valid: true, expires at: 1746241829281
[info] i  functions: generating the service identity for eventarc.googleapis.com... 
[debug] [2025-05-03T02:10:44.437Z] Checked if tokens are valid: true, expires at: 1746241829281
[debug] [2025-05-03T02:10:44.437Z] Checked if tokens are valid: true, expires at: 1746241829281
[debug] [2025-05-03T02:10:44.437Z] >>> [apiv2][query] POST https://serviceusage.googleapis.com/v1beta1/projects/1093183769646/services/pubsub.googleapis.com:generateServiceIdentity [none]
[debug] [2025-05-03T02:10:44.437Z] >>> [apiv2][query] POST https://serviceusage.googleapis.com/v1beta1/projects/1093183769646/services/eventarc.googleapis.com:generateServiceIdentity [none]
[debug] [2025-05-03T02:10:44.722Z] <<< [apiv2][status] POST https://serviceusage.googleapis.com/v1beta1/projects/1093183769646/services/eventarc.googleapis.com:generateServiceIdentity 200
[debug] [2025-05-03T02:10:44.723Z] <<< [apiv2][body] POST https://serviceusage.googleapis.com/v1beta1/projects/1093183769646/services/eventarc.googleapis.com:generateServiceIdentity {"name":"operations/finished.DONE_OPERATION","done":true,"response":{"@type":"type.googleapis.com/google.api.serviceusage.v1beta1.ServiceIdentity","email":"service-1093183769646@gcp-sa-eventarc.iam.gserviceaccount.com","uniqueId":"100579803090526587085"}}
[debug] [2025-05-03T02:10:44.798Z] <<< [apiv2][status] POST https://serviceusage.googleapis.com/v1beta1/projects/1093183769646/services/pubsub.googleapis.com:generateServiceIdentity 200
[debug] [2025-05-03T02:10:44.798Z] <<< [apiv2][body] POST https://serviceusage.googleapis.com/v1beta1/projects/1093183769646/services/pubsub.googleapis.com:generateServiceIdentity {"name":"operations/finished.DONE_OPERATION","done":true,"response":{"@type":"type.googleapis.com/google.api.serviceusage.v1beta1.ServiceIdentity","email":"service-1093183769646@gcp-sa-pubsub.iam.gserviceaccount.com","uniqueId":"103416440419631802371"}}
[debug] [2025-05-03T02:10:44.799Z] Checked if tokens are valid: true, expires at: 1746241829281
[debug] [2025-05-03T02:10:44.799Z] Checked if tokens are valid: true, expires at: 1746241829281
[debug] [2025-05-03T02:10:44.799Z] >>> [apiv2][query] POST https://cloudresourcemanager.googleapis.com/v1/projects/1093183769646:getIamPolicy [none]
[debug] [2025-05-03T02:10:44.946Z] <<< [apiv2][status] POST https://cloudresourcemanager.googleapis.com/v1/projects/1093183769646:getIamPolicy 200
[debug] [2025-05-03T02:10:44.946Z] <<< [apiv2][body] POST https://cloudresourcemanager.googleapis.com/v1/projects/1093183769646:getIamPolicy {"version":1,"etag":"BwY0GyGfOMM=","bindings":[{"role":"roles/artifactregistry.serviceAgent","members":["serviceAccount:service-1093183769646@gcp-sa-artifactregistry.iam.gserviceaccount.com"]},{"role":"roles/cloudbuild.builds.builder","members":["serviceAccount:1093183769646@cloudbuild.gserviceaccount.com"]},{"role":"roles/cloudbuild.serviceAgent","members":["serviceAccount:service-1093183769646@gcp-sa-cloudbuild.iam.gserviceaccount.com"]},{"role":"roles/cloudfunctions.admin","members":["serviceAccount:firebase-adminsdk-fbsvc@jacob-barkin-website.iam.gserviceaccount.com"]},{"role":"roles/cloudfunctions.serviceAgent","members":["serviceAccount:service-1093183769646@gcf-admin-robot.iam.gserviceaccount.com"]},{"role":"roles/containerregistry.ServiceAgent","members":["serviceAccount:service-1093183769646@containerregistry.iam.gserviceaccount.com"]},{"role":"roles/editor","members":["serviceAccount:1093183769646-compute@developer.gserviceaccount.com","serviceAccount:1093183769646@cloudservices.gserviceaccount.com"]},{"role":"roles/firebase.managementServiceAgent","members":["serviceAccount:service-1093183769646@gcp-sa-firebase.iam.gserviceaccount.com"]},{"role":"roles/firebase.sdkAdminServiceAgent","members":["serviceAccount:firebase-adminsdk-fbsvc@jacob-barkin-website.iam.gserviceaccount.com"]},{"role":"roles/firebaseauth.admin","members":["serviceAccount:firebase-adminsdk-fbsvc@jacob-barkin-website.iam.gserviceaccount.com"]},{"role":"roles/firebasemods.serviceAgent","members":["serviceAccount:service-1093183769646@gcp-sa-firebasemods.iam.gserviceaccount.com"]},{"role":"roles/firebaserules.system","members":["serviceAccount:service-1093183769646@firebase-rules.iam.gserviceaccount.com"]},{"role":"roles/firestore.serviceAgent","members":["serviceAccount:service-1093183769646@gcp-sa-firestore.iam.gserviceaccount.com"]},{"role":"roles/iam.serviceAccountTokenCreator","members":["serviceAccount:firebase-adminsdk-fbsvc@jacob-barkin-website.iam.gserviceaccount.com"]},{"role":"roles/owner","members":["user:Jacobsamuelbarkin@gmail.com"]},{"role":"roles/run.serviceAgent","members":["serviceAccount:service-1093183769646@serverless-robot-prod.iam.gserviceaccount.com"]}]}
[debug] [2025-05-03T02:10:44.946Z] Checked if tokens are valid: true, expires at: 1746241829281
[debug] [2025-05-03T02:10:44.946Z] Checked if tokens are valid: true, expires at: 1746241829281
[debug] [2025-05-03T02:10:44.947Z] >>> [apiv2][query] POST https://cloudresourcemanager.googleapis.com/v1/projects/1093183769646:setIamPolicy [none]
[debug] [2025-05-03T02:10:44.947Z] >>> [apiv2][body] POST https://cloudresourcemanager.googleapis.com/v1/projects/1093183769646:setIamPolicy {"policy":{"version":1,"etag":"BwY0GyGfOMM=","bindings":[{"role":"roles/artifactregistry.serviceAgent","members":["serviceAccount:service-1093183769646@gcp-sa-artifactregistry.iam.gserviceaccount.com"]},{"role":"roles/cloudbuild.builds.builder","members":["serviceAccount:1093183769646@cloudbuild.gserviceaccount.com"]},{"role":"roles/cloudbuild.serviceAgent","members":["serviceAccount:service-1093183769646@gcp-sa-cloudbuild.iam.gserviceaccount.com"]},{"role":"roles/cloudfunctions.admin","members":["serviceAccount:firebase-adminsdk-fbsvc@jacob-barkin-website.iam.gserviceaccount.com"]},{"role":"roles/cloudfunctions.serviceAgent","members":["serviceAccount:service-1093183769646@gcf-admin-robot.iam.gserviceaccount.com"]},{"role":"roles/containerregistry.ServiceAgent","members":["serviceAccount:service-1093183769646@containerregistry.iam.gserviceaccount.com"]},{"role":"roles/editor","members":["serviceAccount:1093183769646-compute@developer.gserviceaccount.com","serviceAccount:1093183769646@cloudservices.gserviceaccount.com"]},{"role":"roles/firebase.managementServiceAgent","members":["serviceAccount:service-1093183769646@gcp-sa-firebase.iam.gserviceaccount.com"]},{"role":"roles/firebase.sdkAdminServiceAgent","members":["serviceAccount:firebase-adminsdk-fbsvc@jacob-barkin-website.iam.gserviceaccount.com"]},{"role":"roles/firebaseauth.admin","members":["serviceAccount:firebase-adminsdk-fbsvc@jacob-barkin-website.iam.gserviceaccount.com"]},{"role":"roles/firebasemods.serviceAgent","members":["serviceAccount:service-1093183769646@gcp-sa-firebasemods.iam.gserviceaccount.com"]},{"role":"roles/firebaserules.system","members":["serviceAccount:service-1093183769646@firebase-rules.iam.gserviceaccount.com"]},{"role":"roles/firestore.serviceAgent","members":["serviceAccount:service-1093183769646@gcp-sa-firestore.iam.gserviceaccount.com"]},{"role":"roles/iam.serviceAccountTokenCreator","members":["serviceAccount:firebase-adminsdk-fbsvc@jacob-barkin-website.iam.gserviceaccount.com","serviceAccount:service-1093183769646@gcp-sa-pubsub.iam.gserviceaccount.com"]},{"role":"roles/owner","members":["user:Jacobsamuelbarkin@gmail.com"]},{"role":"roles/run.serviceAgent","members":["serviceAccount:service-1093183769646@serverless-robot-prod.iam.gserviceaccount.com"]},{"role":"roles/run.invoker","members":["serviceAccount:1093183769646-compute@developer.gserviceaccount.com"]},{"role":"roles/eventarc.eventReceiver","members":["serviceAccount:1093183769646-compute@developer.gserviceaccount.com"]}]},"updateMask":"bindings"}
[debug] [2025-05-03T02:10:46.336Z] <<< [apiv2][status] POST https://cloudresourcemanager.googleapis.com/v1/projects/1093183769646:setIamPolicy 200
[debug] [2025-05-03T02:10:46.336Z] <<< [apiv2][body] POST https://cloudresourcemanager.googleapis.com/v1/projects/1093183769646:setIamPolicy {"version":1,"etag":"BwY0McZdD+w=","bindings":[{"role":"roles/artifactregistry.serviceAgent","members":["serviceAccount:service-1093183769646@gcp-sa-artifactregistry.iam.gserviceaccount.com"]},{"role":"roles/cloudbuild.builds.builder","members":["serviceAccount:1093183769646@cloudbuild.gserviceaccount.com"]},{"role":"roles/cloudbuild.serviceAgent","members":["serviceAccount:service-1093183769646@gcp-sa-cloudbuild.iam.gserviceaccount.com"]},{"role":"roles/cloudfunctions.admin","members":["serviceAccount:firebase-adminsdk-fbsvc@jacob-barkin-website.iam.gserviceaccount.com"]},{"role":"roles/cloudfunctions.serviceAgent","members":["serviceAccount:service-1093183769646@gcf-admin-robot.iam.gserviceaccount.com"]},{"role":"roles/containerregistry.ServiceAgent","members":["serviceAccount:service-1093183769646@containerregistry.iam.gserviceaccount.com"]},{"role":"roles/editor","members":["serviceAccount:1093183769646-compute@developer.gserviceaccount.com","serviceAccount:1093183769646@cloudservices.gserviceaccount.com"]},{"role":"roles/eventarc.eventReceiver","members":["serviceAccount:1093183769646-compute@developer.gserviceaccount.com"]},{"role":"roles/firebase.managementServiceAgent","members":["serviceAccount:service-1093183769646@gcp-sa-firebase.iam.gserviceaccount.com"]},{"role":"roles/firebase.sdkAdminServiceAgent","members":["serviceAccount:firebase-adminsdk-fbsvc@jacob-barkin-website.iam.gserviceaccount.com"]},{"role":"roles/firebaseauth.admin","members":["serviceAccount:firebase-adminsdk-fbsvc@jacob-barkin-website.iam.gserviceaccount.com"]},{"role":"roles/firebasemods.serviceAgent","members":["serviceAccount:service-1093183769646@gcp-sa-firebasemods.iam.gserviceaccount.com"]},{"role":"roles/firebaserules.system","members":["serviceAccount:service-1093183769646@firebase-rules.iam.gserviceaccount.com"]},{"role":"roles/firestore.serviceAgent","members":["serviceAccount:service-1093183769646@gcp-sa-firestore.iam.gserviceaccount.com"]},{"role":"roles/iam.serviceAccountTokenCreator","members":["serviceAccount:firebase-adminsdk-fbsvc@jacob-barkin-website.iam.gserviceaccount.com","serviceAccount:service-1093183769646@gcp-sa-pubsub.iam.gserviceaccount.com"]},{"role":"roles/owner","members":["user:Jacobsamuelbarkin@gmail.com"]},{"role":"roles/run.invoker","members":["serviceAccount:1093183769646-compute@developer.gserviceaccount.com"]},{"role":"roles/run.serviceAgent","members":["serviceAccount:service-1093183769646@serverless-robot-prod.iam.gserviceaccount.com"]}]}
[debug] [2025-05-03T02:10:46.336Z] Checked if tokens are valid: true, expires at: 1746241829281
[debug] [2025-05-03T02:10:46.336Z] Checked if tokens are valid: true, expires at: 1746241829281
[debug] [2025-05-03T02:10:46.336Z] >>> [apiv2][query] GET https://cloudresourcemanager.googleapis.com/v1/projects/jacob-barkin-website [none]
[debug] [2025-05-03T02:10:46.443Z] <<< [apiv2][status] GET https://cloudresourcemanager.googleapis.com/v1/projects/jacob-barkin-website 200
[debug] [2025-05-03T02:10:46.443Z] <<< [apiv2][body] GET https://cloudresourcemanager.googleapis.com/v1/projects/jacob-barkin-website {"projectNumber":"1093183769646","projectId":"jacob-barkin-website","lifecycleState":"ACTIVE","name":"Jacob Barkin Website","labels":{"firebase":"enabled","firebase-core":"disabled"},"createTime":"2025-05-01T20:47:43.535094Z"}
[debug] [2025-05-03T02:10:46.444Z] Checked if tokens are valid: true, expires at: 1746241829281
[debug] [2025-05-03T02:10:46.444Z] Checked if tokens are valid: true, expires at: 1746241829281
[debug] [2025-05-03T02:10:46.444Z] >>> [apiv2][query] GET https://cloudbilling.googleapis.com/v1/projects/jacob-barkin-website/billingInfo [none]
[debug] [2025-05-03T02:10:46.719Z] <<< [apiv2][status] GET https://cloudbilling.googleapis.com/v1/projects/jacob-barkin-website/billingInfo 200
[debug] [2025-05-03T02:10:46.719Z] <<< [apiv2][body] GET https://cloudbilling.googleapis.com/v1/projects/jacob-barkin-website/billingInfo {"name":"projects/jacob-barkin-website/billingInfo","projectId":"jacob-barkin-website","billingAccountName":"billingAccounts/01B14D-C4A749-7EDF9E","billingEnabled":true}
[debug] [2025-05-03T02:10:46.720Z] Checked if tokens are valid: true, expires at: 1746241829281
[debug] [2025-05-03T02:10:46.721Z] Checked if tokens are valid: true, expires at: 1746241829281
[debug] [2025-05-03T02:10:46.721Z] >>> [apiv2][query] POST https://cloudfunctions.googleapis.com/v2/projects/jacob-barkin-website/locations/us-central1/functions:generateUploadUrl [none]
[debug] [2025-05-03T02:10:47.017Z] <<< [apiv2][status] POST https://cloudfunctions.googleapis.com/v2/projects/jacob-barkin-website/locations/us-central1/functions:generateUploadUrl 200
[debug] [2025-05-03T02:10:47.017Z] <<< [apiv2][body] POST https://cloudfunctions.googleapis.com/v2/projects/jacob-barkin-website/locations/us-central1/functions:generateUploadUrl {"uploadUrl":"https://storage.googleapis.com/gcf-v2-uploads-1093183769646.us-central1.cloudfunctions.appspot.com/ab733107-2b85-4795-bc46-422dbfde9b45.zip?GoogleAccessId=service-1093183769646@gcf-admin-robot.iam.gserviceaccount.com&Expires=1746240046&Signature=qLku1io7YEiFg1X5bHc7F3bHrvFfC9BK8Ms5nBbSzrHvRaKnBwcvU6PFreUFdDbBWejInPtME26Laq3ml8MLqxFyMW67xPyvrxztqm27Kip9EnQg%2BFOw2CBbKsB8yhYFznnl1wAXJMwgLYcCx8nMDDO7BWTPM7RVKMs28x7%2FYFAa%2B93PuSo1KbFnY7LrkYmuAeO5lQv%2BtCZd9WPRgqpfZ8uZpJhOhLPOlXUuhwbgKe8w3u34YUqriIp1Ts4C5PJcryvKY5O8c%2BlcdlTWqHg8Zr7ZhJWQbR3%2FVlZbx3ToPeLEkhpxgEz%2FqQjjecUyQkRTdvXuhlhqDjgNut6dMwxrYQ%3D%3D","storageSource":{"bucket":"gcf-v2-uploads-1093183769646.us-central1.cloudfunctions.appspot.com","object":"ab733107-2b85-4795-bc46-422dbfde9b45.zip"}}
[debug] [2025-05-03T02:10:47.018Z] >>> [apiv2][query] PUT https://storage.googleapis.com/gcf-v2-uploads-1093183769646.us-central1.cloudfunctions.appspot.com/ab733107-2b85-4795-bc46-422dbfde9b45.zip GoogleAccessId=service-1093183769646%40gcf-admin-robot.iam.gserviceaccount.com&Expires=1746240046&Signature=qLku1io7YEiFg1X5bHc7F3bHrvFfC9BK8Ms5nBbSzrHvRaKnBwcvU6PFreUFdDbBWejInPtME26Laq3ml8MLqxFyMW67xPyvrxztqm27Kip9EnQg%2BFOw2CBbKsB8yhYFznnl1wAXJMwgLYcCx8nMDDO7BWTPM7RVKMs28x7%2FYFAa%2B93PuSo1KbFnY7LrkYmuAeO5lQv%2BtCZd9WPRgqpfZ8uZpJhOhLPOlXUuhwbgKe8w3u34YUqriIp1Ts4C5PJcryvKY5O8c%2BlcdlTWqHg8Zr7ZhJWQbR3%2FVlZbx3ToPeLEkhpxgEz%2FqQjjecUyQkRTdvXuhlhqDjgNut6dMwxrYQ%3D%3D
[debug] [2025-05-03T02:10:47.018Z] >>> [apiv2][body] PUT https://storage.googleapis.com/gcf-v2-uploads-1093183769646.us-central1.cloudfunctions.appspot.com/ab733107-2b85-4795-bc46-422dbfde9b45.zip [stream]
[debug] [2025-05-03T02:10:47.440Z] <<< [apiv2][status] PUT https://storage.googleapis.com/gcf-v2-uploads-1093183769646.us-central1.cloudfunctions.appspot.com/ab733107-2b85-4795-bc46-422dbfde9b45.zip 200
[debug] [2025-05-03T02:10:47.440Z] <<< [apiv2][body] PUT https://storage.googleapis.com/gcf-v2-uploads-1093183769646.us-central1.cloudfunctions.appspot.com/ab733107-2b85-4795-bc46-422dbfde9b45.zip [omitted]
[info] ✔  functions: functions folder uploaded successfully 
[info] 
The following functions are found in your project but do not exist in your local source code:
	getProjectViews(us-central1)
	submitContactForm(us-central1)
	submitProjectFeedback(us-central1)
	trackProjectView(us-central1)

If you are renaming a function or changing its region, it is recommended that you create the new function first before deleting the old one to prevent event loss. For more info, visit https://firebase.google.com/docs/functions/manage-functions#modify

[info] i  functions: creating Node.js 20 (2nd Gen) function sendContactEmailNotification(us-central1)... 
[debug] [2025-05-03T02:11:46.322Z] Checked if tokens are valid: true, expires at: 1746241829281
[debug] [2025-05-03T02:11:46.322Z] Checked if tokens are valid: true, expires at: 1746241829281
[info] i  functions: deleting Node.js 20 (2nd Gen) function getProjectViews(us-central1)... 
[info] i  functions: deleting Node.js 20 (2nd Gen) function submitContactForm(us-central1)... 
[info] i  functions: deleting Node.js 20 (2nd Gen) function trackProjectView(us-central1)... 
[info] i  functions: deleting Node.js 20 (2nd Gen) function submitProjectFeedback(us-central1)... 
[debug] [2025-05-03T02:11:46.323Z] Checked if tokens are valid: true, expires at: 1746241829281
[debug] [2025-05-03T02:11:46.323Z] Checked if tokens are valid: true, expires at: 1746241829281
[debug] [2025-05-03T02:11:46.323Z] Checked if tokens are valid: true, expires at: 1746241829281
[debug] [2025-05-03T02:11:46.323Z] Checked if tokens are valid: true, expires at: 1746241829281
[debug] [2025-05-03T02:11:46.323Z] Checked if tokens are valid: true, expires at: 1746241829281
[debug] [2025-05-03T02:11:46.323Z] Checked if tokens are valid: true, expires at: 1746241829281
[debug] [2025-05-03T02:11:46.324Z] Checked if tokens are valid: true, expires at: 1746241829281
[debug] [2025-05-03T02:11:46.324Z] Checked if tokens are valid: true, expires at: 1746241829281
[debug] [2025-05-03T02:11:46.324Z] >>> [apiv2][query] POST https://cloudfunctions.googleapis.com/v2/projects/jacob-barkin-website/locations/us-central1/functions functionId=sendContactEmailNotification
[debug] [2025-05-03T02:11:46.324Z] >>> [apiv2][body] POST https://cloudfunctions.googleapis.com/v2/projects/jacob-barkin-website/locations/us-central1/functions {"name":"projects/jacob-barkin-website/locations/us-central1/functions/sendContactEmailNotification","buildConfig":{"runtime":"nodejs20","entryPoint":"sendContactEmailNotification","source":{"storageSource":{"bucket":"gcf-v2-uploads-1093183769646.us-central1.cloudfunctions.appspot.com","object":"ab733107-2b85-4795-bc46-422dbfde9b45.zip"}},"environmentVariables":{"GOOGLE_NODE_RUN_SCRIPTS":""}},"serviceConfig":{"environmentVariables":{"FIREBASE_CONFIG":"{\"projectId\":\"jacob-barkin-website\",\"storageBucket\":\"jacob-barkin-website.firebasestorage.app\"}","GCLOUD_PROJECT":"jacob-barkin-website","EVENTARC_CLOUD_EVENT_SOURCE":"projects/jacob-barkin-website/locations/us-central1/services/sendContactEmailNotification","FUNCTION_SIGNATURE_TYPE":"cloudevent","FUNCTION_TARGET":"sendContactEmailNotification","LOG_EXECUTION_ID":"true"},"ingressSettings":null,"timeoutSeconds":null,"serviceAccountEmail":null,"availableMemory":"256Mi","minInstanceCount":null,"maxInstanceCount":null,"maxInstanceRequestConcurrency":80,"availableCpu":"1","vpcConnector":null,"vpcConnectorEgressSettings":null},"labels":{"deployment-tool":"cli-firebase","firebase-functions-hash":"45158b810d3a3614121ccb8cae5a41b37012275e"},"eventTrigger":{"eventType":"google.cloud.firestore.document.v1.created","retryPolicy":"RETRY_POLICY_DO_NOT_RETRY","eventFilters":[{"attribute":"database","value":"(default)"},{"attribute":"namespace","value":"(default)"},{"attribute":"document","value":"contactSubmissions/{submissionId}","operator":"match-path-pattern"}],"triggerRegion":"us-west3"}}
[debug] [2025-05-03T02:11:46.328Z] >>> [apiv2][query] DELETE https://cloudfunctions.googleapis.com/v2/projects/jacob-barkin-website/locations/us-central1/functions/getProjectViews [none]
[debug] [2025-05-03T02:11:46.331Z] >>> [apiv2][query] DELETE https://cloudfunctions.googleapis.com/v2/projects/jacob-barkin-website/locations/us-central1/functions/submitContactForm [none]
[debug] [2025-05-03T02:11:46.334Z] >>> [apiv2][query] DELETE https://cloudfunctions.googleapis.com/v2/projects/jacob-barkin-website/locations/us-central1/functions/trackProjectView [none]
[debug] [2025-05-03T02:11:46.335Z] >>> [apiv2][query] DELETE https://cloudfunctions.googleapis.com/v2/projects/jacob-barkin-website/locations/us-central1/functions/submitProjectFeedback [none]
[debug] [2025-05-03T02:11:46.702Z] <<< [apiv2][status] DELETE https://cloudfunctions.googleapis.com/v2/projects/jacob-barkin-website/locations/us-central1/functions/getProjectViews 200
[debug] [2025-05-03T02:11:46.702Z] <<< [apiv2][body] DELETE https://cloudfunctions.googleapis.com/v2/projects/jacob-barkin-website/locations/us-central1/functions/getProjectViews {"name":"projects/jacob-barkin-website/locations/us-central1/operations/operation-1746238306633-63431c9f5c5f5-1f096af6-27bafd99","metadata":{"@type":"type.googleapis.com/google.cloud.functions.v2.OperationMetadata","createTime":"2025-05-03T02:11:46.664148594Z","target":"projects/jacob-barkin-website/locations/us-central1/functions/getProjectViews","verb":"delete","cancelRequested":false,"apiVersion":"v2"},"done":false}
[debug] [2025-05-03T02:11:46.702Z] Checked if tokens are valid: true, expires at: 1746241829281
[debug] [2025-05-03T02:11:46.703Z] Checked if tokens are valid: true, expires at: 1746241829281
[debug] [2025-05-03T02:11:46.703Z] >>> [apiv2][query] GET https://cloudfunctions.googleapis.com/v2/projects/jacob-barkin-website/locations/us-central1/operations/operation-1746238306633-63431c9f5c5f5-1f096af6-27bafd99 [none]
[debug] [2025-05-03T02:11:46.721Z] <<< [apiv2][status] DELETE https://cloudfunctions.googleapis.com/v2/projects/jacob-barkin-website/locations/us-central1/functions/submitContactForm 200
[debug] [2025-05-03T02:11:46.721Z] <<< [apiv2][body] DELETE https://cloudfunctions.googleapis.com/v2/projects/jacob-barkin-website/locations/us-central1/functions/submitContactForm {"name":"projects/jacob-barkin-website/locations/us-central1/operations/operation-1746238306660-63431c9f62f5a-92437519-e348ad25","metadata":{"@type":"type.googleapis.com/google.cloud.functions.v2.OperationMetadata","createTime":"2025-05-03T02:11:46.683269393Z","target":"projects/jacob-barkin-website/locations/us-central1/functions/submitContactForm","verb":"delete","cancelRequested":false,"apiVersion":"v2"},"done":false}
[debug] [2025-05-03T02:11:46.721Z] Checked if tokens are valid: true, expires at: 1746241829281
[debug] [2025-05-03T02:11:46.721Z] Checked if tokens are valid: true, expires at: 1746241829281
[debug] [2025-05-03T02:11:46.721Z] >>> [apiv2][query] GET https://cloudfunctions.googleapis.com/v2/projects/jacob-barkin-website/locations/us-central1/operations/operation-1746238306660-63431c9f62f5a-92437519-e348ad25 [none]
[debug] [2025-05-03T02:11:46.722Z] <<< [apiv2][status] DELETE https://cloudfunctions.googleapis.com/v2/projects/jacob-barkin-website/locations/us-central1/functions/trackProjectView 200
[debug] [2025-05-03T02:11:46.722Z] <<< [apiv2][body] DELETE https://cloudfunctions.googleapis.com/v2/projects/jacob-barkin-website/locations/us-central1/functions/trackProjectView {"name":"projects/jacob-barkin-website/locations/us-central1/operations/operation-1746238306661-63431c9f63410-0999fe77-4674e569","metadata":{"@type":"type.googleapis.com/google.cloud.functions.v2.OperationMetadata","createTime":"2025-05-03T02:11:46.682791930Z","target":"projects/jacob-barkin-website/locations/us-central1/functions/trackProjectView","verb":"delete","cancelRequested":false,"apiVersion":"v2"},"done":false}
[debug] [2025-05-03T02:11:46.722Z] Checked if tokens are valid: true, expires at: 1746241829281
[debug] [2025-05-03T02:11:46.722Z] Checked if tokens are valid: true, expires at: 1746241829281
[debug] [2025-05-03T02:11:46.722Z] >>> [apiv2][query] GET https://cloudfunctions.googleapis.com/v2/projects/jacob-barkin-website/locations/us-central1/operations/operation-1746238306661-63431c9f63410-0999fe77-4674e569 [none]
[debug] [2025-05-03T02:11:46.723Z] <<< [apiv2][status] DELETE https://cloudfunctions.googleapis.com/v2/projects/jacob-barkin-website/locations/us-central1/functions/submitProjectFeedback 200
[debug] [2025-05-03T02:11:46.723Z] <<< [apiv2][body] DELETE https://cloudfunctions.googleapis.com/v2/projects/jacob-barkin-website/locations/us-central1/functions/submitProjectFeedback {"name":"projects/jacob-barkin-website/locations/us-central1/operations/operation-1746238306665-63431c9f643c2-01ea954e-782907d1","metadata":{"@type":"type.googleapis.com/google.cloud.functions.v2.OperationMetadata","createTime":"2025-05-03T02:11:46.686962582Z","target":"projects/jacob-barkin-website/locations/us-central1/functions/submitProjectFeedback","verb":"delete","cancelRequested":false,"apiVersion":"v2"},"done":false}
[debug] [2025-05-03T02:11:46.723Z] Checked if tokens are valid: true, expires at: 1746241829281
[debug] [2025-05-03T02:11:46.723Z] Checked if tokens are valid: true, expires at: 1746241829281
[debug] [2025-05-03T02:11:46.723Z] >>> [apiv2][query] GET https://cloudfunctions.googleapis.com/v2/projects/jacob-barkin-website/locations/us-central1/operations/operation-1746238306665-63431c9f643c2-01ea954e-782907d1 [none]
[debug] [2025-05-03T02:11:47.053Z] <<< [apiv2][status] GET https://cloudfunctions.googleapis.com/v2/projects/jacob-barkin-website/locations/us-central1/operations/operation-1746238306633-63431c9f5c5f5-1f096af6-27bafd99 200
[debug] [2025-05-03T02:11:47.053Z] <<< [apiv2][body] GET https://cloudfunctions.googleapis.com/v2/projects/jacob-barkin-website/locations/us-central1/operations/operation-1746238306633-63431c9f5c5f5-1f096af6-27bafd99 {"name":"projects/jacob-barkin-website/locations/us-central1/operations/operation-1746238306633-63431c9f5c5f5-1f096af6-27bafd99","metadata":{"@type":"type.googleapis.com/google.cloud.functions.v2.OperationMetadata","createTime":"2025-05-03T02:11:46.664148594Z","target":"projects/jacob-barkin-website/locations/us-central1/functions/getProjectViews","verb":"delete","cancelRequested":false,"apiVersion":"v2","requestResource":{"@type":"type.googleapis.com/google.cloud.functions.v2.Function","name":"projects/jacob-barkin-website/locations/us-central1/functions/getProjectViews","environment":"GEN_2"},"stages":[{"name":"ARTIFACT_REGISTRY","state":"NOT_STARTED"},{"name":"SERVICE","message":"Deleting Cloud Run service","state":"IN_PROGRESS","resource":"projects/jacob-barkin-website/locations/us-central1/services/getprojectviews"}],"operationType":"DELETE_FUNCTION"},"done":false}
[debug] [2025-05-03T02:11:47.053Z] <<< [apiv2][status] GET https://cloudfunctions.googleapis.com/v2/projects/jacob-barkin-website/locations/us-central1/operations/operation-1746238306661-63431c9f63410-0999fe77-4674e569 200
[debug] [2025-05-03T02:11:47.054Z] <<< [apiv2][body] GET https://cloudfunctions.googleapis.com/v2/projects/jacob-barkin-website/locations/us-central1/operations/operation-1746238306661-63431c9f63410-0999fe77-4674e569 {"name":"projects/jacob-barkin-website/locations/us-central1/operations/operation-1746238306661-63431c9f63410-0999fe77-4674e569","metadata":{"@type":"type.googleapis.com/google.cloud.functions.v2.OperationMetadata","createTime":"2025-05-03T02:11:46.682791930Z","target":"projects/jacob-barkin-website/locations/us-central1/functions/trackProjectView","verb":"delete","cancelRequested":false,"apiVersion":"v2","requestResource":{"@type":"type.googleapis.com/google.cloud.functions.v2.Function","name":"projects/jacob-barkin-website/locations/us-central1/functions/trackProjectView","environment":"GEN_2"},"stages":[{"name":"ARTIFACT_REGISTRY","state":"NOT_STARTED"},{"name":"SERVICE","message":"Deleting Cloud Run service","state":"IN_PROGRESS","resource":"projects/jacob-barkin-website/locations/us-central1/services/trackprojectview"}],"operationType":"DELETE_FUNCTION"},"done":false}
[debug] [2025-05-03T02:11:47.054Z] <<< [apiv2][status] GET https://cloudfunctions.googleapis.com/v2/projects/jacob-barkin-website/locations/us-central1/operations/operation-1746238306660-63431c9f62f5a-92437519-e348ad25 200
[debug] [2025-05-03T02:11:47.055Z] <<< [apiv2][body] GET https://cloudfunctions.googleapis.com/v2/projects/jacob-barkin-website/locations/us-central1/operations/operation-1746238306660-63431c9f62f5a-92437519-e348ad25 {"name":"projects/jacob-barkin-website/locations/us-central1/operations/operation-1746238306660-63431c9f62f5a-92437519-e348ad25","metadata":{"@type":"type.googleapis.com/google.cloud.functions.v2.OperationMetadata","createTime":"2025-05-03T02:11:46.683269393Z","target":"projects/jacob-barkin-website/locations/us-central1/functions/submitContactForm","verb":"delete","cancelRequested":false,"apiVersion":"v2","requestResource":{"@type":"type.googleapis.com/google.cloud.functions.v2.Function","name":"projects/jacob-barkin-website/locations/us-central1/functions/submitContactForm","environment":"GEN_2"},"stages":[{"name":"ARTIFACT_REGISTRY","state":"NOT_STARTED"},{"name":"SERVICE","message":"Deleting Cloud Run service","state":"IN_PROGRESS","resource":"projects/jacob-barkin-website/locations/us-central1/services/submitcontactform"}],"operationType":"DELETE_FUNCTION"},"done":false}
[debug] [2025-05-03T02:11:47.055Z] <<< [apiv2][status] GET https://cloudfunctions.googleapis.com/v2/projects/jacob-barkin-website/locations/us-central1/operations/operation-1746238306665-63431c9f643c2-01ea954e-782907d1 200
[debug] [2025-05-03T02:11:47.055Z] <<< [apiv2][body] GET https://cloudfunctions.googleapis.com/v2/projects/jacob-barkin-website/locations/us-central1/operations/operation-1746238306665-63431c9f643c2-01ea954e-782907d1 {"name":"projects/jacob-barkin-website/locations/us-central1/operations/operation-1746238306665-63431c9f643c2-01ea954e-782907d1","metadata":{"@type":"type.googleapis.com/google.cloud.functions.v2.OperationMetadata","createTime":"2025-05-03T02:11:46.686962582Z","target":"projects/jacob-barkin-website/locations/us-central1/functions/submitProjectFeedback","verb":"delete","cancelRequested":false,"apiVersion":"v2","requestResource":{"@type":"type.googleapis.com/google.cloud.functions.v2.Function","name":"projects/jacob-barkin-website/locations/us-central1/functions/submitProjectFeedback","environment":"GEN_2"},"stages":[{"name":"ARTIFACT_REGISTRY","state":"NOT_STARTED"},{"name":"SERVICE","message":"Deleting Cloud Run service","state":"IN_PROGRESS","resource":"projects/jacob-barkin-website/locations/us-central1/services/submitprojectfeedback"}],"operationType":"DELETE_FUNCTION"},"done":false}
[debug] [2025-05-03T02:11:47.555Z] [delete-default-us-central1-getProjectViews] Retrying task index 0
[debug] [2025-05-03T02:11:47.555Z] Checked if tokens are valid: true, expires at: 1746241829281
[debug] [2025-05-03T02:11:47.555Z] Checked if tokens are valid: true, expires at: 1746241829281
[debug] [2025-05-03T02:11:47.555Z] >>> [apiv2][query] GET https://cloudfunctions.googleapis.com/v2/projects/jacob-barkin-website/locations/us-central1/operations/operation-1746238306633-63431c9f5c5f5-1f096af6-27bafd99 [none]
[debug] [2025-05-03T02:11:47.556Z] [delete-default-us-central1-trackProjectView] Retrying task index 0
[debug] [2025-05-03T02:11:47.556Z] Checked if tokens are valid: true, expires at: 1746241829281
[debug] [2025-05-03T02:11:47.556Z] Checked if tokens are valid: true, expires at: 1746241829281
[debug] [2025-05-03T02:11:47.556Z] >>> [apiv2][query] GET https://cloudfunctions.googleapis.com/v2/projects/jacob-barkin-website/locations/us-central1/operations/operation-1746238306661-63431c9f63410-0999fe77-4674e569 [none]
[debug] [2025-05-03T02:11:47.556Z] [delete-default-us-central1-submitContactForm] Retrying task index 0
[debug] [2025-05-03T02:11:47.556Z] Checked if tokens are valid: true, expires at: 1746241829281
[debug] [2025-05-03T02:11:47.556Z] Checked if tokens are valid: true, expires at: 1746241829281
[debug] [2025-05-03T02:11:47.556Z] >>> [apiv2][query] GET https://cloudfunctions.googleapis.com/v2/projects/jacob-barkin-website/locations/us-central1/operations/operation-1746238306660-63431c9f62f5a-92437519-e348ad25 [none]
[debug] [2025-05-03T02:11:47.556Z] [delete-default-us-central1-submitProjectFeedback] Retrying task index 0
[debug] [2025-05-03T02:11:47.556Z] Checked if tokens are valid: true, expires at: 1746241829281
[debug] [2025-05-03T02:11:47.556Z] Checked if tokens are valid: true, expires at: 1746241829281
[debug] [2025-05-03T02:11:47.556Z] >>> [apiv2][query] GET https://cloudfunctions.googleapis.com/v2/projects/jacob-barkin-website/locations/us-central1/operations/operation-1746238306665-63431c9f643c2-01ea954e-782907d1 [none]
[debug] [2025-05-03T02:11:47.643Z] <<< [apiv2][status] GET https://cloudfunctions.googleapis.com/v2/projects/jacob-barkin-website/locations/us-central1/operations/operation-1746238306661-63431c9f63410-0999fe77-4674e569 200
[debug] [2025-05-03T02:11:47.643Z] <<< [apiv2][body] GET https://cloudfunctions.googleapis.com/v2/projects/jacob-barkin-website/locations/us-central1/operations/operation-1746238306661-63431c9f63410-0999fe77-4674e569 {"name":"projects/jacob-barkin-website/locations/us-central1/operations/operation-1746238306661-63431c9f63410-0999fe77-4674e569","metadata":{"@type":"type.googleapis.com/google.cloud.functions.v2.OperationMetadata","createTime":"2025-05-03T02:11:46.682791930Z","target":"projects/jacob-barkin-website/locations/us-central1/functions/trackProjectView","verb":"delete","cancelRequested":false,"apiVersion":"v2","requestResource":{"@type":"type.googleapis.com/google.cloud.functions.v2.Function","name":"projects/jacob-barkin-website/locations/us-central1/functions/trackProjectView","environment":"GEN_2"},"stages":[{"name":"ARTIFACT_REGISTRY","state":"NOT_STARTED"},{"name":"SERVICE","message":"Deleting Cloud Run service","state":"IN_PROGRESS","resource":"projects/jacob-barkin-website/locations/us-central1/services/trackprojectview"}],"operationType":"DELETE_FUNCTION"},"done":false}
[debug] [2025-05-03T02:11:47.768Z] <<< [apiv2][status] GET https://cloudfunctions.googleapis.com/v2/projects/jacob-barkin-website/locations/us-central1/operations/operation-1746238306660-63431c9f62f5a-92437519-e348ad25 200
[debug] [2025-05-03T02:11:47.768Z] <<< [apiv2][body] GET https://cloudfunctions.googleapis.com/v2/projects/jacob-barkin-website/locations/us-central1/operations/operation-1746238306660-63431c9f62f5a-92437519-e348ad25 {"name":"projects/jacob-barkin-website/locations/us-central1/operations/operation-1746238306660-63431c9f62f5a-92437519-e348ad25","metadata":{"@type":"type.googleapis.com/google.cloud.functions.v2.OperationMetadata","createTime":"2025-05-03T02:11:46.683269393Z","target":"projects/jacob-barkin-website/locations/us-central1/functions/submitContactForm","verb":"delete","cancelRequested":false,"apiVersion":"v2","requestResource":{"@type":"type.googleapis.com/google.cloud.functions.v2.Function","name":"projects/jacob-barkin-website/locations/us-central1/functions/submitContactForm","environment":"GEN_2"},"stages":[{"name":"ARTIFACT_REGISTRY","state":"NOT_STARTED"},{"name":"SERVICE","message":"Deleting Cloud Run service","state":"IN_PROGRESS","resource":"projects/jacob-barkin-website/locations/us-central1/services/submitcontactform"}],"operationType":"DELETE_FUNCTION"},"done":false}
[debug] [2025-05-03T02:11:47.770Z] <<< [apiv2][status] GET https://cloudfunctions.googleapis.com/v2/projects/jacob-barkin-website/locations/us-central1/operations/operation-1746238306633-63431c9f5c5f5-1f096af6-27bafd99 200
[debug] [2025-05-03T02:11:47.770Z] <<< [apiv2][body] GET https://cloudfunctions.googleapis.com/v2/projects/jacob-barkin-website/locations/us-central1/operations/operation-1746238306633-63431c9f5c5f5-1f096af6-27bafd99 {"name":"projects/jacob-barkin-website/locations/us-central1/operations/operation-1746238306633-63431c9f5c5f5-1f096af6-27bafd99","metadata":{"@type":"type.googleapis.com/google.cloud.functions.v2.OperationMetadata","createTime":"2025-05-03T02:11:46.664148594Z","target":"projects/jacob-barkin-website/locations/us-central1/functions/getProjectViews","verb":"delete","cancelRequested":false,"apiVersion":"v2","requestResource":{"@type":"type.googleapis.com/google.cloud.functions.v2.Function","name":"projects/jacob-barkin-website/locations/us-central1/functions/getProjectViews","environment":"GEN_2"},"stages":[{"name":"ARTIFACT_REGISTRY","state":"NOT_STARTED"},{"name":"SERVICE","message":"Deleting Cloud Run service","state":"IN_PROGRESS","resource":"projects/jacob-barkin-website/locations/us-central1/services/getprojectviews"}],"operationType":"DELETE_FUNCTION"},"done":false}
[debug] [2025-05-03T02:11:47.796Z] <<< [apiv2][status] GET https://cloudfunctions.googleapis.com/v2/projects/jacob-barkin-website/locations/us-central1/operations/operation-1746238306665-63431c9f643c2-01ea954e-782907d1 200
[debug] [2025-05-03T02:11:47.796Z] <<< [apiv2][body] GET https://cloudfunctions.googleapis.com/v2/projects/jacob-barkin-website/locations/us-central1/operations/operation-1746238306665-63431c9f643c2-01ea954e-782907d1 {"name":"projects/jacob-barkin-website/locations/us-central1/operations/operation-1746238306665-63431c9f643c2-01ea954e-782907d1","metadata":{"@type":"type.googleapis.com/google.cloud.functions.v2.OperationMetadata","createTime":"2025-05-03T02:11:46.686962582Z","target":"projects/jacob-barkin-website/locations/us-central1/functions/submitProjectFeedback","verb":"delete","cancelRequested":false,"apiVersion":"v2","requestResource":{"@type":"type.googleapis.com/google.cloud.functions.v2.Function","name":"projects/jacob-barkin-website/locations/us-central1/functions/submitProjectFeedback","environment":"GEN_2"},"stages":[{"name":"ARTIFACT_REGISTRY","state":"NOT_STARTED"},{"name":"SERVICE","message":"Deleting Cloud Run service","state":"IN_PROGRESS","resource":"projects/jacob-barkin-website/locations/us-central1/services/submitprojectfeedback"}],"operationType":"DELETE_FUNCTION"},"done":false}
[debug] [2025-05-03T02:11:48.644Z] [delete-default-us-central1-trackProjectView] Retrying task index 0
[debug] [2025-05-03T02:11:48.644Z] Checked if tokens are valid: true, expires at: 1746241829281
[debug] [2025-05-03T02:11:48.644Z] Checked if tokens are valid: true, expires at: 1746241829281
[debug] [2025-05-03T02:11:48.644Z] >>> [apiv2][query] GET https://cloudfunctions.googleapis.com/v2/projects/jacob-barkin-website/locations/us-central1/operations/operation-1746238306661-63431c9f63410-0999fe77-4674e569 [none]
[debug] [2025-05-03T02:11:48.770Z] [delete-default-us-central1-submitContactForm] Retrying task index 0
[debug] [2025-05-03T02:11:48.770Z] Checked if tokens are valid: true, expires at: 1746241829281
[debug] [2025-05-03T02:11:48.770Z] Checked if tokens are valid: true, expires at: 1746241829281
[debug] [2025-05-03T02:11:48.770Z] >>> [apiv2][query] GET https://cloudfunctions.googleapis.com/v2/projects/jacob-barkin-website/locations/us-central1/operations/operation-1746238306660-63431c9f62f5a-92437519-e348ad25 [none]
[debug] [2025-05-03T02:11:48.771Z] [delete-default-us-central1-getProjectViews] Retrying task index 0
[debug] [2025-05-03T02:11:48.771Z] Checked if tokens are valid: true, expires at: 1746241829281
[debug] [2025-05-03T02:11:48.771Z] Checked if tokens are valid: true, expires at: 1746241829281
[debug] [2025-05-03T02:11:48.771Z] >>> [apiv2][query] GET https://cloudfunctions.googleapis.com/v2/projects/jacob-barkin-website/locations/us-central1/operations/operation-1746238306633-63431c9f5c5f5-1f096af6-27bafd99 [none]
[debug] [2025-05-03T02:11:48.798Z] [delete-default-us-central1-submitProjectFeedback] Retrying task index 0
[debug] [2025-05-03T02:11:48.798Z] Checked if tokens are valid: true, expires at: 1746241829281
[debug] [2025-05-03T02:11:48.798Z] Checked if tokens are valid: true, expires at: 1746241829281
[debug] [2025-05-03T02:11:48.798Z] >>> [apiv2][query] GET https://cloudfunctions.googleapis.com/v2/projects/jacob-barkin-website/locations/us-central1/operations/operation-1746238306665-63431c9f643c2-01ea954e-782907d1 [none]
[debug] [2025-05-03T02:11:48.843Z] <<< [apiv2][status] GET https://cloudfunctions.googleapis.com/v2/projects/jacob-barkin-website/locations/us-central1/operations/operation-1746238306661-63431c9f63410-0999fe77-4674e569 200
[debug] [2025-05-03T02:11:48.843Z] <<< [apiv2][body] GET https://cloudfunctions.googleapis.com/v2/projects/jacob-barkin-website/locations/us-central1/operations/operation-1746238306661-63431c9f63410-0999fe77-4674e569 {"name":"projects/jacob-barkin-website/locations/us-central1/operations/operation-1746238306661-63431c9f63410-0999fe77-4674e569","metadata":{"@type":"type.googleapis.com/google.cloud.functions.v2.OperationMetadata","createTime":"2025-05-03T02:11:46.682791930Z","target":"projects/jacob-barkin-website/locations/us-central1/functions/trackProjectView","verb":"delete","cancelRequested":false,"apiVersion":"v2","requestResource":{"@type":"type.googleapis.com/google.cloud.functions.v2.Function","name":"projects/jacob-barkin-website/locations/us-central1/functions/trackProjectView","environment":"GEN_2"},"stages":[{"name":"ARTIFACT_REGISTRY","state":"NOT_STARTED"},{"name":"SERVICE","message":"Deleting Cloud Run service","state":"IN_PROGRESS","resource":"projects/jacob-barkin-website/locations/us-central1/services/trackprojectview"}],"operationType":"DELETE_FUNCTION"},"done":false}
[debug] [2025-05-03T02:11:48.954Z] <<< [apiv2][status] GET https://cloudfunctions.googleapis.com/v2/projects/jacob-barkin-website/locations/us-central1/operations/operation-1746238306633-63431c9f5c5f5-1f096af6-27bafd99 200
[debug] [2025-05-03T02:11:48.954Z] <<< [apiv2][body] GET https://cloudfunctions.googleapis.com/v2/projects/jacob-barkin-website/locations/us-central1/operations/operation-1746238306633-63431c9f5c5f5-1f096af6-27bafd99 {"name":"projects/jacob-barkin-website/locations/us-central1/operations/operation-1746238306633-63431c9f5c5f5-1f096af6-27bafd99","metadata":{"@type":"type.googleapis.com/google.cloud.functions.v2.OperationMetadata","createTime":"2025-05-03T02:11:46.664148594Z","target":"projects/jacob-barkin-website/locations/us-central1/functions/getProjectViews","verb":"delete","cancelRequested":false,"apiVersion":"v2","requestResource":{"@type":"type.googleapis.com/google.cloud.functions.v2.Function","name":"projects/jacob-barkin-website/locations/us-central1/functions/getProjectViews","environment":"GEN_2"},"stages":[{"name":"ARTIFACT_REGISTRY","state":"NOT_STARTED"},{"name":"SERVICE","message":"Deleting Cloud Run service","state":"IN_PROGRESS","resource":"projects/jacob-barkin-website/locations/us-central1/services/getprojectviews"}],"operationType":"DELETE_FUNCTION"},"done":false}
[debug] [2025-05-03T02:11:48.964Z] <<< [apiv2][status] GET https://cloudfunctions.googleapis.com/v2/projects/jacob-barkin-website/locations/us-central1/operations/operation-1746238306660-63431c9f62f5a-92437519-e348ad25 200
[debug] [2025-05-03T02:11:48.964Z] <<< [apiv2][body] GET https://cloudfunctions.googleapis.com/v2/projects/jacob-barkin-website/locations/us-central1/operations/operation-1746238306660-63431c9f62f5a-92437519-e348ad25 {"name":"projects/jacob-barkin-website/locations/us-central1/operations/operation-1746238306660-63431c9f62f5a-92437519-e348ad25","metadata":{"@type":"type.googleapis.com/google.cloud.functions.v2.OperationMetadata","createTime":"2025-05-03T02:11:46.683269393Z","target":"projects/jacob-barkin-website/locations/us-central1/functions/submitContactForm","verb":"delete","cancelRequested":false,"apiVersion":"v2","requestResource":{"@type":"type.googleapis.com/google.cloud.functions.v2.Function","name":"projects/jacob-barkin-website/locations/us-central1/functions/submitContactForm","environment":"GEN_2"},"stages":[{"name":"ARTIFACT_REGISTRY","state":"NOT_STARTED"},{"name":"SERVICE","message":"Deleting Cloud Run service","state":"IN_PROGRESS","resource":"projects/jacob-barkin-website/locations/us-central1/services/submitcontactform"}],"operationType":"DELETE_FUNCTION"},"done":false}
[debug] [2025-05-03T02:11:49.037Z] <<< [apiv2][status] GET https://cloudfunctions.googleapis.com/v2/projects/jacob-barkin-website/locations/us-central1/operations/operation-1746238306665-63431c9f643c2-01ea954e-782907d1 200
[debug] [2025-05-03T02:11:49.037Z] <<< [apiv2][body] GET https://cloudfunctions.googleapis.com/v2/projects/jacob-barkin-website/locations/us-central1/operations/operation-1746238306665-63431c9f643c2-01ea954e-782907d1 {"name":"projects/jacob-barkin-website/locations/us-central1/operations/operation-1746238306665-63431c9f643c2-01ea954e-782907d1","metadata":{"@type":"type.googleapis.com/google.cloud.functions.v2.OperationMetadata","createTime":"2025-05-03T02:11:46.686962582Z","target":"projects/jacob-barkin-website/locations/us-central1/functions/submitProjectFeedback","verb":"delete","cancelRequested":false,"apiVersion":"v2","requestResource":{"@type":"type.googleapis.com/google.cloud.functions.v2.Function","name":"projects/jacob-barkin-website/locations/us-central1/functions/submitProjectFeedback","environment":"GEN_2"},"stages":[{"name":"ARTIFACT_REGISTRY","state":"NOT_STARTED"},{"name":"SERVICE","message":"Deleting Cloud Run service","state":"IN_PROGRESS","resource":"projects/jacob-barkin-website/locations/us-central1/services/submitprojectfeedback"}],"operationType":"DELETE_FUNCTION"},"done":false}
[debug] [2025-05-03T02:11:50.844Z] [delete-default-us-central1-trackProjectView] Retrying task index 0
[debug] [2025-05-03T02:11:50.845Z] Checked if tokens are valid: true, expires at: 1746241829281
[debug] [2025-05-03T02:11:50.845Z] Checked if tokens are valid: true, expires at: 1746241829281
[debug] [2025-05-03T02:11:50.845Z] >>> [apiv2][query] GET https://cloudfunctions.googleapis.com/v2/projects/jacob-barkin-website/locations/us-central1/operations/operation-1746238306661-63431c9f63410-0999fe77-4674e569 [none]
[debug] [2025-05-03T02:11:50.932Z] <<< [apiv2][status] GET https://cloudfunctions.googleapis.com/v2/projects/jacob-barkin-website/locations/us-central1/operations/operation-1746238306661-63431c9f63410-0999fe77-4674e569 200
[debug] [2025-05-03T02:11:50.933Z] <<< [apiv2][body] GET https://cloudfunctions.googleapis.com/v2/projects/jacob-barkin-website/locations/us-central1/operations/operation-1746238306661-63431c9f63410-0999fe77-4674e569 {"name":"projects/jacob-barkin-website/locations/us-central1/operations/operation-1746238306661-63431c9f63410-0999fe77-4674e569","metadata":{"@type":"type.googleapis.com/google.cloud.functions.v2.OperationMetadata","createTime":"2025-05-03T02:11:46.682791930Z","endTime":"2025-05-03T02:11:49.731165799Z","target":"projects/jacob-barkin-website/locations/us-central1/functions/trackProjectView","verb":"delete","cancelRequested":false,"apiVersion":"v2","requestResource":{"@type":"type.googleapis.com/google.cloud.functions.v2.Function","name":"projects/jacob-barkin-website/locations/us-central1/functions/trackProjectView","environment":"GEN_2"},"stages":[{"name":"ARTIFACT_REGISTRY","message":"Deleting function artifacts in Artifact Registry","state":"COMPLETE"},{"name":"SERVICE","message":"Deleting Cloud Run service","state":"COMPLETE","resource":"projects/jacob-barkin-website/locations/us-central1/services/trackprojectview"}],"operationType":"DELETE_FUNCTION"},"done":true,"response":{"@type":"type.googleapis.com/google.protobuf.Empty"}}
[info] ✔  functions[trackProjectView(us-central1)] Successful delete operation. 
[debug] [2025-05-03T02:11:50.956Z] [delete-default-us-central1-getProjectViews] Retrying task index 0
[debug] [2025-05-03T02:11:50.956Z] Checked if tokens are valid: true, expires at: 1746241829281
[debug] [2025-05-03T02:11:50.956Z] Checked if tokens are valid: true, expires at: 1746241829281
[debug] [2025-05-03T02:11:50.956Z] >>> [apiv2][query] GET https://cloudfunctions.googleapis.com/v2/projects/jacob-barkin-website/locations/us-central1/operations/operation-1746238306633-63431c9f5c5f5-1f096af6-27bafd99 [none]
[debug] [2025-05-03T02:11:50.964Z] [delete-default-us-central1-submitContactForm] Retrying task index 0
[debug] [2025-05-03T02:11:50.964Z] Checked if tokens are valid: true, expires at: 1746241829281
[debug] [2025-05-03T02:11:50.964Z] Checked if tokens are valid: true, expires at: 1746241829281
[debug] [2025-05-03T02:11:50.964Z] >>> [apiv2][query] GET https://cloudfunctions.googleapis.com/v2/projects/jacob-barkin-website/locations/us-central1/operations/operation-1746238306660-63431c9f62f5a-92437519-e348ad25 [none]
[debug] [2025-05-03T02:11:51.038Z] [delete-default-us-central1-submitProjectFeedback] Retrying task index 0
[debug] [2025-05-03T02:11:51.038Z] Checked if tokens are valid: true, expires at: 1746241829281
[debug] [2025-05-03T02:11:51.038Z] Checked if tokens are valid: true, expires at: 1746241829281
[debug] [2025-05-03T02:11:51.038Z] >>> [apiv2][query] GET https://cloudfunctions.googleapis.com/v2/projects/jacob-barkin-website/locations/us-central1/operations/operation-1746238306665-63431c9f643c2-01ea954e-782907d1 [none]
[debug] [2025-05-03T02:11:51.058Z] <<< [apiv2][status] GET https://cloudfunctions.googleapis.com/v2/projects/jacob-barkin-website/locations/us-central1/operations/operation-1746238306660-63431c9f62f5a-92437519-e348ad25 200
[debug] [2025-05-03T02:11:51.058Z] <<< [apiv2][body] GET https://cloudfunctions.googleapis.com/v2/projects/jacob-barkin-website/locations/us-central1/operations/operation-1746238306660-63431c9f62f5a-92437519-e348ad25 {"name":"projects/jacob-barkin-website/locations/us-central1/operations/operation-1746238306660-63431c9f62f5a-92437519-e348ad25","metadata":{"@type":"type.googleapis.com/google.cloud.functions.v2.OperationMetadata","createTime":"2025-05-03T02:11:46.683269393Z","endTime":"2025-05-03T02:11:50.008187050Z","target":"projects/jacob-barkin-website/locations/us-central1/functions/submitContactForm","verb":"delete","cancelRequested":false,"apiVersion":"v2","requestResource":{"@type":"type.googleapis.com/google.cloud.functions.v2.Function","name":"projects/jacob-barkin-website/locations/us-central1/functions/submitContactForm","environment":"GEN_2"},"stages":[{"name":"ARTIFACT_REGISTRY","message":"Deleting function artifacts in Artifact Registry","state":"COMPLETE"},{"name":"SERVICE","message":"Deleting Cloud Run service","state":"COMPLETE","resource":"projects/jacob-barkin-website/locations/us-central1/services/submitcontactform"}],"operationType":"DELETE_FUNCTION"},"done":true,"response":{"@type":"type.googleapis.com/google.protobuf.Empty"}}
[info] ✔  functions[submitContactForm(us-central1)] Successful delete operation. 
[debug] [2025-05-03T02:11:51.066Z] <<< [apiv2][status] GET https://cloudfunctions.googleapis.com/v2/projects/jacob-barkin-website/locations/us-central1/operations/operation-1746238306633-63431c9f5c5f5-1f096af6-27bafd99 200
[debug] [2025-05-03T02:11:51.066Z] <<< [apiv2][body] GET https://cloudfunctions.googleapis.com/v2/projects/jacob-barkin-website/locations/us-central1/operations/operation-1746238306633-63431c9f5c5f5-1f096af6-27bafd99 {"name":"projects/jacob-barkin-website/locations/us-central1/operations/operation-1746238306633-63431c9f5c5f5-1f096af6-27bafd99","metadata":{"@type":"type.googleapis.com/google.cloud.functions.v2.OperationMetadata","createTime":"2025-05-03T02:11:46.664148594Z","endTime":"2025-05-03T02:11:50.035295746Z","target":"projects/jacob-barkin-website/locations/us-central1/functions/getProjectViews","verb":"delete","cancelRequested":false,"apiVersion":"v2","requestResource":{"@type":"type.googleapis.com/google.cloud.functions.v2.Function","name":"projects/jacob-barkin-website/locations/us-central1/functions/getProjectViews","environment":"GEN_2"},"stages":[{"name":"ARTIFACT_REGISTRY","message":"Deleting function artifacts in Artifact Registry","state":"COMPLETE"},{"name":"SERVICE","message":"Deleting Cloud Run service","state":"COMPLETE","resource":"projects/jacob-barkin-website/locations/us-central1/services/getprojectviews"}],"operationType":"DELETE_FUNCTION"},"done":true,"response":{"@type":"type.googleapis.com/google.protobuf.Empty"}}
[info] ✔  functions[getProjectViews(us-central1)] Successful delete operation. 
[debug] [2025-05-03T02:11:51.239Z] <<< [apiv2][status] GET https://cloudfunctions.googleapis.com/v2/projects/jacob-barkin-website/locations/us-central1/operations/operation-1746238306665-63431c9f643c2-01ea954e-782907d1 200
[debug] [2025-05-03T02:11:51.239Z] <<< [apiv2][body] GET https://cloudfunctions.googleapis.com/v2/projects/jacob-barkin-website/locations/us-central1/operations/operation-1746238306665-63431c9f643c2-01ea954e-782907d1 {"name":"projects/jacob-barkin-website/locations/us-central1/operations/operation-1746238306665-63431c9f643c2-01ea954e-782907d1","metadata":{"@type":"type.googleapis.com/google.cloud.functions.v2.OperationMetadata","createTime":"2025-05-03T02:11:46.686962582Z","endTime":"2025-05-03T02:11:49.731918767Z","target":"projects/jacob-barkin-website/locations/us-central1/functions/submitProjectFeedback","verb":"delete","cancelRequested":false,"apiVersion":"v2","requestResource":{"@type":"type.googleapis.com/google.cloud.functions.v2.Function","name":"projects/jacob-barkin-website/locations/us-central1/functions/submitProjectFeedback","environment":"GEN_2"},"stages":[{"name":"ARTIFACT_REGISTRY","message":"Deleting function artifacts in Artifact Registry","state":"COMPLETE"},{"name":"SERVICE","message":"Deleting Cloud Run service","state":"COMPLETE","resource":"projects/jacob-barkin-website/locations/us-central1/services/submitprojectfeedback"}],"operationType":"DELETE_FUNCTION"},"done":true,"response":{"@type":"type.googleapis.com/google.protobuf.Empty"}}
[info] ✔  functions[submitProjectFeedback(us-central1)] Successful delete operation. 
[debug] [2025-05-03T02:12:02.514Z] <<< [apiv2][status] POST https://cloudfunctions.googleapis.com/v2/projects/jacob-barkin-website/locations/us-central1/functions 400
[debug] [2025-05-03T02:12:02.515Z] <<< [apiv2][body] POST https://cloudfunctions.googleapis.com/v2/projects/jacob-barkin-website/locations/us-central1/functions {"error":{"code":400,"message":"Validation failed for trigger projects/jacob-barkin-website/locations/us-west3/triggers/sendcontactemailnotification-192515: Invalid resource state for \"\": Permission denied while using the Eventarc Service Agent. If you recently started to use Eventarc, it may take a few minutes before all necessary permissions are propagated to the Service Agent. Otherwise, verify that it has Eventarc Service Agent role.","status":"FAILED_PRECONDITION"}}
[warn] ⚠  functions: Request to https://cloudfunctions.googleapis.com/v2/projects/jacob-barkin-website/locations/us-central1/functions?functionId=sendContactEmailNotification had HTTP Error: 400, Validation failed for trigger projects/jacob-barkin-website/locations/us-west3/triggers/sendcontactemailnotification-192515: Invalid resource state for "": Permission denied while using the Eventarc Service Agent. If you recently started to use Eventarc, it may take a few minutes before all necessary permissions are propagated to the Service Agent. Otherwise, verify that it has Eventarc Service Agent role. 
[warn] ⚠  functions: Since this is your first time using 2nd gen functions, we need a little bit longer to finish setting everything up. Retry the deployment in a few minutes. 
[warn] ⚠  functions:  failed to create function projects/jacob-barkin-website/locations/us-central1/functions/sendContactEmailNotification 
[error] Failed to create function projects/jacob-barkin-website/locations/us-central1/functions/sendContactEmailNotification
[debug] [2025-05-03T02:12:02.525Z] Total Function Deployment time: 16196
[debug] [2025-05-03T02:12:02.525Z] 5 Functions Deployed
[debug] [2025-05-03T02:12:02.525Z] 1 Functions Errored
[debug] [2025-05-03T02:12:02.526Z] 0 Function Deployments Aborted
[debug] [2025-05-03T02:12:02.526Z] Average Function Deployment time: 7040.4
[info] 
[info] Functions deploy had errors with the following functions:
	sendContactEmailNotification(us-central1)
[debug] [2025-05-03T02:12:02.544Z] Checked if tokens are valid: true, expires at: 1746241829281
[debug] [2025-05-03T02:12:02.544Z] Checked if tokens are valid: true, expires at: 1746241829281
[debug] [2025-05-03T02:12:02.544Z] >>> [apiv2][query] GET https://artifactregistry.googleapis.com/v1/projects/jacob-barkin-website/locations/us-central1/repositories/gcf-artifacts [none]
[debug] [2025-05-03T02:12:02.979Z] <<< [apiv2][status] GET https://artifactregistry.googleapis.com/v1/projects/jacob-barkin-website/locations/us-central1/repositories/gcf-artifacts 200
[debug] [2025-05-03T02:12:02.979Z] <<< [apiv2][body] GET https://artifactregistry.googleapis.com/v1/projects/jacob-barkin-website/locations/us-central1/repositories/gcf-artifacts {"name":"projects/jacob-barkin-website/locations/us-central1/repositories/gcf-artifacts","format":"DOCKER","description":"This repository is created and used by Cloud Functions for storing function docker images.","labels":{"goog-managed-by":"cloudfunctions"},"createTime":"2025-05-01T21:55:30.468261Z","updateTime":"2025-05-03T02:11:49.732106Z","mode":"STANDARD_REPOSITORY","cleanupPolicies":{"firebase-functions-cleanup":{"id":"firebase-functions-cleanup","action":"DELETE","condition":{"tagState":"ANY","olderThan":"86400s"}}},"sizeBytes":"146357353","vulnerabilityScanningConfig":{"lastEnableTime":"2025-05-01T21:55:21.789991332Z","enablementState":"SCANNING_DISABLED","enablementStateReason":"API containerscanning.googleapis.com is not enabled."},"satisfiesPzi":true,"registryUri":"us-central1-docker.pkg.dev/jacob-barkin-website/gcf-artifacts"}
[debug] [2025-05-03T02:12:02.980Z] Functions deploy failed.
[debug] [2025-05-03T02:12:02.980Z] {
  "endpoint": {
    "id": "sendContactEmailNotification",
    "project": "jacob-barkin-website",
    "region": "us-central1",
    "entryPoint": "sendContactEmailNotification",
    "platform": "gcfv2",
    "runtime": "nodejs20",
    "eventTrigger": {
      "eventType": "google.cloud.firestore.document.v1.created",
      "retry": false,
      "eventFilters": {
        "database": "(default)",
        "namespace": "(default)"
      },
      "eventFilterPathPatterns": {
        "document": "contactSubmissions/{submissionId}"
      },
      "region": "us-west3"
    },
    "labels": {
      "deployment-tool": "cli-firebase"
    },
    "serviceAccount": null,
    "ingressSettings": null,
    "availableMemoryMb": null,
    "timeoutSeconds": null,
    "maxInstances": null,
    "minInstances": null,
    "concurrency": 80,
    "vpc": null,
    "environmentVariables": {
      "FIREBASE_CONFIG": "{\"projectId\":\"jacob-barkin-website\",\"storageBucket\":\"jacob-barkin-website.firebasestorage.app\"}",
      "GCLOUD_PROJECT": "jacob-barkin-website",
      "EVENTARC_CLOUD_EVENT_SOURCE": "projects/jacob-barkin-website/locations/us-central1/services/sendContactEmailNotification"
    },
    "codebase": "default",
    "cpu": 1,
    "targetedByOnly": false,
    "hash": "45158b810d3a3614121ccb8cae5a41b37012275e"
  },
  "op": "create",
  "original": {
    "name": "FirebaseError",
    "children": [],
    "context": {
      "function": "projects/jacob-barkin-website/locations/us-central1/functions/sendContactEmailNotification"
    },
    "exit": 1,
    "message": "Failed to create function projects/jacob-barkin-website/locations/us-central1/functions/sendContactEmailNotification",
    "original": {
      "name": "FirebaseError",
      "children": [],
      "context": {
        "body": {
          "error": {
            "code": 400,
            "message": "Validation failed for trigger projects/jacob-barkin-website/locations/us-west3/triggers/sendcontactemailnotification-192515: Invalid resource state for \"\": Permission denied while using the Eventarc Service Agent. If you recently started to use Eventarc, it may take a few minutes before all necessary permissions are propagated to the Service Agent. Otherwise, verify that it has Eventarc Service Agent role.",
            "status": "FAILED_PRECONDITION"
          }
        },
        "response": {
          "statusCode": 400
        }
      },
      "exit": 1,
      "message": "Request to https://cloudfunctions.googleapis.com/v2/projects/jacob-barkin-website/locations/us-central1/functions?functionId=sendContactEmailNotification had HTTP Error: 400, Validation failed for trigger projects/jacob-barkin-website/locations/us-west3/triggers/sendcontactemailnotification-192515: Invalid resource state for \"\": Permission denied while using the Eventarc Service Agent. If you recently started to use Eventarc, it may take a few minutes before all necessary permissions are propagated to the Service Agent. Otherwise, verify that it has Eventarc Service Agent role.",
      "status": 400
    },
    "status": 400,
    "code": 400
  }
}
[debug] [2025-05-03T02:12:02.986Z] Error: Failed to create function sendContactEmailNotification in region us-central1
    at /usr/local/lib/node_modules/firebase-tools/lib/deploy/functions/release/fabricator.js:294:27
    at process.processTicksAndRejections (node:internal/process/task_queues:105:5)
    at async Fabricator.createV2Function (/usr/local/lib/node_modules/firebase-tools/lib/deploy/functions/release/fabricator.js:278:30)
    at async Fabricator.createEndpoint (/usr/local/lib/node_modules/firebase-tools/lib/deploy/functions/release/fabricator.js:137:13)
    at async handle (/usr/local/lib/node_modules/firebase-tools/lib/deploy/functions/release/fabricator.js:89:17)
[error] 
[error] Error: There was an error deploying functions
